Log file open, 09/20/20 22:53:27
LogInit: Display: Running engine for game: MyProject
LogPlatformFile: Not using cached read wrapper
LogTaskGraph: Started task graph with 5 named threads and 35 total threads with 3 sets of task threads.
LogStats: Stats thread started at 0.174002
LogD3D11RHI: Loaded GFSDK_Aftermath_Lib.x64.dll
LogICUInternationalization: ICU TimeZone Detection - Raw Offset: -5:00, Platform Override: ''
LogPluginManager: Mounting plugin Paper2D
LogPluginManager: Mounting plugin AISupport
LogPluginManager: Mounting plugin LightPropagationVolume
LogPluginManager: Mounting plugin CameraShakePreviewer
LogPluginManager: Mounting plugin ActorLayerUtilities
LogPluginManager: Mounting plugin AnimationSharing
LogPluginManager: Mounting plugin CLionSourceCodeAccess
LogPluginManager: Mounting plugin CodeLiteSourceCodeAccess
LogPluginManager: Mounting plugin GitSourceControl
LogPluginManager: Mounting plugin KDevelopSourceCodeAccess
LogPluginManager: Mounting plugin NullSourceCodeAccess
LogPluginManager: Mounting plugin PerforceSourceControl
LogPluginManager: Mounting plugin PlasticSourceControl
LogPluginManager: Mounting plugin RiderSourceCodeAccess
LogPluginManager: Mounting plugin SubversionSourceControl
LogPluginManager: Mounting plugin UObjectPlugin
LogPluginManager: Mounting plugin VisualStudioCodeSourceCodeAccess
LogPluginManager: Mounting plugin VisualStudioSourceCodeAccess
LogPluginManager: Mounting plugin XCodeSourceCodeAccess
LogPluginManager: Mounting plugin AssetManagerEditor
LogPluginManager: Mounting plugin CryptoKeys
LogPluginManager: Mounting plugin CurveEditorTools
LogPluginManager: Mounting plugin DataValidation
LogPluginManager: Mounting plugin EditorScriptingUtilities
LogPluginManager: Mounting plugin FacialAnimation
LogPluginManager: Mounting plugin GameplayTagsEditor
LogPluginManager: Mounting plugin GeometryMode
LogPluginManager: Mounting plugin MacGraphicsSwitching
LogPluginManager: Mounting plugin MaterialAnalyzer
LogPluginManager: Mounting plugin MobileLauncherProfileWizard
LogPluginManager: Mounting plugin PluginBrowser
LogPluginManager: Mounting plugin SpeedTreeImporter
LogPluginManager: Mounting plugin DatasmithContent
LogPluginManager: Mounting plugin VariantManagerContent
LogPluginManager: Mounting plugin AlembicImporter
LogPluginManager: Mounting plugin AutomationUtils
LogPluginManager: Mounting plugin BackChannel
LogPluginManager: Mounting plugin ChaosCloth
LogPluginManager: Mounting plugin ChaosClothEditor
LogPluginManager: Mounting plugin ChaosEditor
LogPluginManager: Mounting plugin ChaosNiagara
LogPluginManager: Mounting plugin ChaosSolverPlugin
LogPluginManager: Mounting plugin CharacterAI
LogPluginManager: Mounting plugin GeometryCache
LogPluginManager: Mounting plugin GeometryCollectionPlugin
LogPluginManager: Mounting plugin GeometryProcessing
LogPluginManager: Mounting plugin PlanarCut
LogPluginManager: Mounting plugin PlatformCrypto
LogPluginManager: Mounting plugin ProxyLODPlugin
LogPluginManager: Mounting plugin SkeletalReduction
LogPluginManager: Mounting plugin Niagara
LogPluginManager: Mounting plugin MagicLeap
LogPluginManager: Mounting plugin MagicLeapLightEstimation
LogPluginManager: Mounting plugin MagicLeapMedia
LogPluginManager: Mounting plugin MagicLeapPassableWorld
LogPluginManager: Mounting plugin MLSDK
LogPluginManager: Mounting plugin AndroidMedia
LogPluginManager: Mounting plugin AvfMedia
LogPluginManager: Mounting plugin ImgMedia
LogPluginManager: Mounting plugin MediaCompositing
LogPluginManager: Mounting plugin MediaPlayerEditor
LogPluginManager: Mounting plugin WebMMedia
LogPluginManager: Mounting plugin WmfMedia
LogPluginManager: Mounting plugin MeshPainting
LogPluginManager: Mounting plugin TcpMessaging
LogPluginManager: Mounting plugin UdpMessaging
LogPluginManager: Mounting plugin ActorSequence
LogPluginManager: Mounting plugin LevelSequenceEditor
LogPluginManager: Mounting plugin MatineeToLevelSequence
LogPluginManager: Mounting plugin MovieRenderPipeline
LogPluginManager: Mounting plugin TemplateSequence
LogPluginManager: Mounting plugin NetcodeUnitTest
LogPluginManager: Mounting plugin NUTUnrealEngine4
LogPluginManager: Mounting plugin OnlineSubsystemGooglePlay
LogPluginManager: Mounting plugin OnlineSubsystemIOS
LogPluginManager: Mounting plugin OnlineSubsystem
LogPluginManager: Mounting plugin OnlineSubsystemNull
LogPluginManager: Mounting plugin OnlineSubsystemUtils
LogPluginManager: Mounting plugin LauncherChunkInstaller
LogPluginManager: Mounting plugin AndroidDeviceProfileSelector
LogPluginManager: Mounting plugin AndroidMoviePlayer
LogPluginManager: Mounting plugin AndroidPermission
LogPluginManager: Mounting plugin AppleImageUtils
LogPluginManager: Mounting plugin AppleMoviePlayer
LogPluginManager: Mounting plugin ArchVisCharacter
LogPluginManager: Mounting plugin AssetTags
LogPluginManager: Mounting plugin AudioCapture
LogPluginManager: Mounting plugin CableComponent
LogPluginManager: Mounting plugin CustomMeshComponent
LogPluginManager: Mounting plugin EditableMesh
LogPluginManager: Mounting plugin ExampleDeviceProfileSelector
LogPluginManager: Mounting plugin GoogleCloudMessaging
LogPluginManager: Mounting plugin GooglePAD
LogPluginManager: Mounting plugin IOSDeviceProfileSelector
LogPluginManager: Mounting plugin LinuxDeviceProfileSelector
LogPluginManager: Mounting plugin LocationServicesBPLibrary
LogPluginManager: Mounting plugin MobilePatchingUtils
LogPluginManager: Mounting plugin OculusVR
LogPluginManager: Mounting plugin PhysXVehicles
LogPluginManager: Mounting plugin PostSplashScreen
LogPluginManager: Mounting plugin ProceduralMeshComponent
LogPluginManager: Mounting plugin RuntimePhysXCooking
LogPluginManager: Mounting plugin SignificanceManager
LogPluginManager: Mounting plugin SoundFields
LogPluginManager: Mounting plugin SteamVR
LogPluginManager: Mounting plugin Synthesis
LogPluginManager: Mounting plugin WebMMoviePlayer
LogPluginManager: Mounting plugin WindowsMoviePlayer
LogPluginManager: Mounting plugin ScreenshotTools
LogInit: Using libcurl 7.55.1-DEV
LogInit:  - built for x86_64-pc-win32
LogInit:  - supports SSL with OpenSSL/1.1.1
LogInit:  - supports HTTP deflate (compression) using libz 1.2.8
LogInit:  - other features:
LogInit:      CURL_VERSION_SSL
LogInit:      CURL_VERSION_LIBZ
LogInit:      CURL_VERSION_IPV6
LogInit:      CURL_VERSION_ASYNCHDNS
LogInit:      CURL_VERSION_LARGEFILE
LogInit:      CURL_VERSION_IDN
LogInit:  CurlRequestOptions (configurable via config and command line):
LogInit:  - bVerifyPeer = true  - Libcurl will verify peer certificate
LogInit:  - bUseHttpProxy = false  - Libcurl will NOT use HTTP proxy
LogInit:  - bDontReuseConnections = false  - Libcurl will reuse connections
LogInit:  - MaxHostConnections = 16  - Libcurl will limit the number of connections to a host
LogInit:  - LocalHostAddr = Default
LogInit:  - BufferSize = 65536
LogOnline: OSS: Creating online subsystem instance for: NULL
LogInit: WinSock: version 1.1 (2.2), MaxSocks=32767, MaxUdp=65467
LogOnline: OSS: TryLoadSubsystemAndSetDefault: Loaded subsystem for module [NULL]
LogInit: Build: ++UE4+Release-4.25-CL-13942748
LogInit: Engine Version: 4.25.3-13942748+++UE4+Release-4.25
LogInit: Compatible Engine Version: 4.25.0-13144385+++UE4+Release-4.25
LogInit: Net CL: 13144385
LogInit: OS: Windows 10 (Release 1909) (), CPU: Intel(R) Core(TM) i7-8750H CPU @ 2.20GHz, GPU: Intel(R) UHD Graphics 630
LogInit: Compiled (64-bit): Jul 25 2020 02:07:48
LogInit: Compiled with Visual C++: 19.24.28315.00
LogInit: Build Configuration: Development
LogInit: Branch Name: ++UE4+Release-4.25
LogInit: Command Line: 
LogInit: Base Directory: C:/Program Files/Epic Games/UE_4.25/Engine/Binaries/Win64/
LogInit: Allocator: TBB
LogInit: Installed Engine Build: 1
LogDevObjectVersion: Number of dev versions registered: 26
LogDevObjectVersion:   Dev-Blueprints (B0D832E4-1F89-4F0D-ACCF-7EB736FD4AA2): 10
LogDevObjectVersion:   Dev-Build (E1C64328-A22C-4D53-A36C-8E866417BD8C): 0
LogDevObjectVersion:   Dev-Core (375EC13C-06E4-48FB-B500-84F0262A717E): 4
LogDevObjectVersion:   Dev-Editor (E4B068ED-F494-42E9-A231-DA0B2E46BB41): 38
LogDevObjectVersion:   Dev-Framework (CFFC743F-43B0-4480-9391-14DF171D2073): 37
LogDevObjectVersion:   Dev-Mobile (B02B49B5-BB20-44E9-A304-32B752E40360): 2
LogDevObjectVersion:   Dev-Networking (A4E4105C-59A1-49B5-A7C5-40C4547EDFEE): 0
LogDevObjectVersion:   Dev-Online (39C831C9-5AE6-47DC-9A44-9C173E1C8E7C): 0
LogDevObjectVersion:   Dev-Physics (78F01B33-EBEA-4F98-B9B4-84EACCB95AA2): 4
LogDevObjectVersion:   Dev-Platform (6631380F-2D4D-43E0-8009-CF276956A95A): 0
LogDevObjectVersion:   Dev-Rendering (12F88B9F-8875-4AFC-A67C-D90C383ABD29): 43
LogDevObjectVersion:   Dev-Sequencer (7B5AE74C-D270-4C10-A958-57980B212A5A): 12
LogDevObjectVersion:   Dev-VR (D7296918-1DD6-4BDD-9DE2-64A83CC13884): 3
LogDevObjectVersion:   Dev-LoadTimes (C2A15278-BFE7-4AFE-6C17-90FF531DF755): 1
LogDevObjectVersion:   Private-Geometry (6EACA3D4-40EC-4CC1-B786-8BED09428FC5): 3
LogDevObjectVersion:   Dev-AnimPhys (29E575DD-E0A3-4627-9D10-D276232CDCEA): 17
LogDevObjectVersion:   Dev-Anim (AF43A65D-7FD3-4947-9873-3E8ED9C1BB05): 7
LogDevObjectVersion:   Dev-ReflectionCapture (6B266CEC-1EC7-4B8F-A30B-E4D90942FC07): 1
LogDevObjectVersion:   Dev-Automation (0DF73D61-A23F-47EA-B727-89E90C41499A): 1
LogDevObjectVersion:   FortniteMain (601D1886-AC64-4F84-AA16-D3DE0DEAC7D6): 31
LogDevObjectVersion:   Dev-Enterprise (9DFFBCD6-494F-0158-E221-12823C92A888): 10
LogDevObjectVersion:   Dev-Niagara (F2AED0AC-9AFE-416F-8664-AA7FFA26D6FC): 1
LogDevObjectVersion:   Dev-Destruction (174F1F0B-B4C6-45A5-B13F-2EE8D0FB917D): 10
LogDevObjectVersion:   Dev-Physics-Ext (35F94A83-E258-406C-A318-09F59610247C): 37
LogDevObjectVersion:   Dev-PhysicsMaterial-Chaos (B68FC16E-8B1B-42E2-B453-215C058844FE): 1
LogDevObjectVersion:   Dev-CineCamera (B2E18506-4273-CFC2-A54E-F4BB758BBA07): 1
LogInit: Presizing for max 25165824 objects, including 0 objects not considered by GC, pre-allocating 0 bytes for permanent pool.
LogConfig: Applying CVar settings from Section [/Script/Engine.StreamingSettings] File [C:/Users/joshu/OneDrive/Documents/Unreal Projects/MyProject/Saved/Config/Windows/Engine.ini]
LogConfig: Setting CVar [[s.MinBulkDataSizeForAsyncLoading:131072]]
LogConfig: Setting CVar [[s.AsyncLoadingThreadEnabled:0]]
LogConfig: Setting CVar [[s.EventDrivenLoaderEnabled:1]]
LogConfig: Setting CVar [[s.WarnIfTimeLimitExceeded:0]]
LogConfig: Setting CVar [[s.TimeLimitExceededMultiplier:1.5]]
LogConfig: Setting CVar [[s.TimeLimitExceededMinTime:0.005]]
LogConfig: Setting CVar [[s.UseBackgroundLevelStreaming:1]]
LogConfig: Setting CVar [[s.PriorityAsyncLoadingExtraTime:15.0]]
LogConfig: Setting CVar [[s.LevelStreamingActorsUpdateTimeLimit:5.0]]
LogConfig: Setting CVar [[s.PriorityLevelStreamingActorsUpdateExtraTime:5.0]]
LogConfig: Setting CVar [[s.LevelStreamingComponentsRegistrationGranularity:10]]
LogConfig: Setting CVar [[s.UnregisterComponentsTimeLimit:1.0]]
LogConfig: Setting CVar [[s.LevelStreamingComponentsUnregistrationGranularity:5]]
LogConfig: Setting CVar [[s.FlushStreamingOnExit:1]]
LogInit: Object subsystem initialized
LogConfig: Setting CVar [[con.DebugEarlyDefault:1]]
LogConfig: Setting CVar [[r.setres:1280x720]]
[2020.09.21-02.53.27:624][  0]LogConfig: Setting CVar [[r.VSync:0]]
[2020.09.21-02.53.27:624][  0]LogConfig: Setting CVar [[r.RHICmdBypass:0]]
[2020.09.21-02.53.27:624][  0]LogConfig: Applying CVar settings from Section [/Script/Engine.RendererSettings] File [C:/Users/joshu/OneDrive/Documents/Unreal Projects/MyProject/Saved/Config/Windows/Engine.ini]
[2020.09.21-02.53.27:624][  0]LogConfig: Setting CVar [[r.GPUCrashDebugging:0]]
[2020.09.21-02.53.27:624][  0]LogConfig: Applying CVar settings from Section [/Script/Engine.RendererOverrideSettings] File [C:/Users/joshu/OneDrive/Documents/Unreal Projects/MyProject/Saved/Config/Windows/Engine.ini]
[2020.09.21-02.53.27:624][  0]LogConfig: Applying CVar settings from Section [/Script/Engine.StreamingSettings] File [C:/Users/joshu/OneDrive/Documents/Unreal Projects/MyProject/Saved/Config/Windows/Engine.ini]
[2020.09.21-02.53.27:624][  0]LogConfig: Setting CVar [[s.MinBulkDataSizeForAsyncLoading:131072]]
[2020.09.21-02.53.27:624][  0]LogConfig: Setting CVar [[s.AsyncLoadingThreadEnabled:0]]
[2020.09.21-02.53.27:624][  0]LogConfig: Setting CVar [[s.EventDrivenLoaderEnabled:1]]
[2020.09.21-02.53.27:624][  0]LogConfig: Setting CVar [[s.WarnIfTimeLimitExceeded:0]]
[2020.09.21-02.53.27:624][  0]LogConfig: Setting CVar [[s.TimeLimitExceededMultiplier:1.5]]
[2020.09.21-02.53.27:624][  0]LogConfig: Setting CVar [[s.TimeLimitExceededMinTime:0.005]]
[2020.09.21-02.53.27:624][  0]LogConfig: Setting CVar [[s.UseBackgroundLevelStreaming:1]]
[2020.09.21-02.53.27:624][  0]LogConfig: Setting CVar [[s.PriorityAsyncLoadingExtraTime:15.0]]
[2020.09.21-02.53.27:624][  0]LogConfig: Setting CVar [[s.LevelStreamingActorsUpdateTimeLimit:5.0]]
[2020.09.21-02.53.27:624][  0]LogConfig: Setting CVar [[s.PriorityLevelStreamingActorsUpdateExtraTime:5.0]]
[2020.09.21-02.53.27:624][  0]LogConfig: Setting CVar [[s.LevelStreamingComponentsRegistrationGranularity:10]]
[2020.09.21-02.53.27:624][  0]LogConfig: Setting CVar [[s.UnregisterComponentsTimeLimit:1.0]]
[2020.09.21-02.53.27:624][  0]LogConfig: Setting CVar [[s.LevelStreamingComponentsUnregistrationGranularity:5]]
[2020.09.21-02.53.27:624][  0]LogConfig: Setting CVar [[s.FlushStreamingOnExit:1]]
[2020.09.21-02.53.27:624][  0]LogConfig: Applying CVar settings from Section [/Script/Engine.GarbageCollectionSettings] File [C:/Users/joshu/OneDrive/Documents/Unreal Projects/MyProject/Saved/Config/Windows/Engine.ini]
[2020.09.21-02.53.27:624][  0]LogConfig: Setting CVar [[gc.MaxObjectsNotConsideredByGC:1]]
[2020.09.21-02.53.27:624][  0]LogConfig: Setting CVar [[gc.SizeOfPermanentObjectPool:0]]
[2020.09.21-02.53.27:624][  0]LogConfig: Setting CVar [[gc.FlushStreamingOnGC:0]]
[2020.09.21-02.53.27:624][  0]LogConfig: Setting CVar [[gc.NumRetriesBeforeForcingGC:10]]
[2020.09.21-02.53.27:624][  0]LogConfig: Setting CVar [[gc.AllowParallelGC:1]]
[2020.09.21-02.53.27:624][  0]LogConfig: Setting CVar [[gc.TimeBetweenPurgingPendingKillObjects:61.1]]
[2020.09.21-02.53.27:624][  0]LogConfig: Setting CVar [[gc.MaxObjectsInEditor:25165824]]
[2020.09.21-02.53.27:624][  0]LogConfig: Setting CVar [[gc.IncrementalBeginDestroyEnabled:1]]
[2020.09.21-02.53.27:624][  0]LogConfig: Setting CVar [[gc.CreateGCClusters:1]]
[2020.09.21-02.53.27:624][  0]LogConfig: Setting CVar [[gc.MinGCClusterSize:5]]
[2020.09.21-02.53.27:624][  0]LogConfig: Setting CVar [[gc.ActorClusteringEnabled:0]]
[2020.09.21-02.53.27:624][  0]LogConfig: Setting CVar [[gc.BlueprintClusteringEnabled:0]]
[2020.09.21-02.53.27:624][  0]LogConfig: Setting CVar [[gc.UseDisregardForGCOnDedicatedServers:0]]
[2020.09.21-02.53.27:624][  0]LogConfig: Applying CVar settings from Section [/Script/Engine.NetworkSettings] File [C:/Users/joshu/OneDrive/Documents/Unreal Projects/MyProject/Saved/Config/Windows/Engine.ini]
[2020.09.21-02.53.27:624][  0]LogConfig: Applying CVar settings from Section [/Script/UnrealEd.CookerSettings] File [C:/Users/joshu/OneDrive/Documents/Unreal Projects/MyProject/Saved/Config/Windows/Engine.ini]
[2020.09.21-02.53.27:627][  0]LogConfig: Applying CVar settings from Section [ViewDistanceQuality@3] File [C:/Users/joshu/OneDrive/Documents/Unreal Projects/MyProject/Saved/Config/Windows/Scalability.ini]
[2020.09.21-02.53.27:627][  0]LogConfig: Setting CVar [[r.SkeletalMeshLODBias:0]]
[2020.09.21-02.53.27:627][  0]LogConfig: Setting CVar [[r.ViewDistanceScale:1.0]]
[2020.09.21-02.53.27:627][  0]LogConfig: Applying CVar settings from Section [AntiAliasingQuality@3] File [C:/Users/joshu/OneDrive/Documents/Unreal Projects/MyProject/Saved/Config/Windows/Scalability.ini]
[2020.09.21-02.53.27:627][  0]LogConfig: Setting CVar [[r.PostProcessAAQuality:4]]
[2020.09.21-02.53.27:627][  0]LogConfig: Applying CVar settings from Section [ShadowQuality@3] File [C:/Users/joshu/OneDrive/Documents/Unreal Projects/MyProject/Saved/Config/Windows/Scalability.ini]
[2020.09.21-02.53.27:627][  0]LogConfig: Setting CVar [[r.LightFunctionQuality:1]]
[2020.09.21-02.53.27:627][  0]LogConfig: Setting CVar [[r.ShadowQuality:5]]
[2020.09.21-02.53.27:627][  0]LogConfig: Setting CVar [[r.Shadow.CSM.MaxCascades:10]]
[2020.09.21-02.53.27:627][  0]LogConfig: Setting CVar [[r.Shadow.MaxResolution:2048]]
[2020.09.21-02.53.27:627][  0]LogConfig: Setting CVar [[r.Shadow.MaxCSMResolution:2048]]
[2020.09.21-02.53.27:627][  0]LogConfig: Setting CVar [[r.Shadow.RadiusThreshold:0.01]]
[2020.09.21-02.53.27:627][  0]LogConfig: Setting CVar [[r.Shadow.DistanceScale:1.0]]
[2020.09.21-02.53.27:627][  0]LogConfig: Setting CVar [[r.Shadow.CSM.TransitionScale:1.0]]
[2020.09.21-02.53.27:627][  0]LogConfig: Setting CVar [[r.Shadow.PreShadowResolutionFactor:1.0]]
[2020.09.21-02.53.27:627][  0]LogConfig: Setting CVar [[r.DistanceFieldShadowing:1]]
[2020.09.21-02.53.27:627][  0]LogConfig: Setting CVar [[r.DistanceFieldAO:1]]
[2020.09.21-02.53.27:627][  0]LogConfig: Setting CVar [[r.AOQuality:2]]
[2020.09.21-02.53.27:627][  0]LogConfig: Setting CVar [[r.VolumetricFog:1]]
[2020.09.21-02.53.27:627][  0]LogConfig: Setting CVar [[r.VolumetricFog.GridPixelSize:8]]
[2020.09.21-02.53.27:627][  0]LogConfig: Setting CVar [[r.VolumetricFog.GridSizeZ:128]]
[2020.09.21-02.53.27:627][  0]LogConfig: Setting CVar [[r.VolumetricFog.HistoryMissSupersampleCount:4]]
[2020.09.21-02.53.27:627][  0]LogConfig: Setting CVar [[r.LightMaxDrawDistanceScale:1]]
[2020.09.21-02.53.27:627][  0]LogConfig: Setting CVar [[r.CapsuleShadows:1]]
[2020.09.21-02.53.27:627][  0]LogConfig: Applying CVar settings from Section [PostProcessQuality@3] File [C:/Users/joshu/OneDrive/Documents/Unreal Projects/MyProject/Saved/Config/Windows/Scalability.ini]
[2020.09.21-02.53.27:627][  0]LogConfig: Setting CVar [[r.MotionBlurQuality:4]]
[2020.09.21-02.53.27:627][  0]LogConfig: Setting CVar [[r.AmbientOcclusionMipLevelFactor:0.4]]
[2020.09.21-02.53.27:627][  0]LogConfig: Setting CVar [[r.AmbientOcclusionMaxQuality:100]]
[2020.09.21-02.53.27:627][  0]LogConfig: Setting CVar [[r.AmbientOcclusionLevels:-1]]
[2020.09.21-02.53.27:627][  0]LogConfig: Setting CVar [[r.AmbientOcclusionRadiusScale:1.0]]
[2020.09.21-02.53.27:627][  0]LogConfig: Setting CVar [[r.DepthOfFieldQuality:2]]
[2020.09.21-02.53.27:627][  0]LogConfig: Setting CVar [[r.RenderTargetPoolMin:400]]
[2020.09.21-02.53.27:627][  0]LogConfig: Setting CVar [[r.LensFlareQuality:2]]
[2020.09.21-02.53.27:627][  0]LogConfig: Setting CVar [[r.SceneColorFringeQuality:1]]
[2020.09.21-02.53.27:627][  0]LogConfig: Setting CVar [[r.EyeAdaptationQuality:2]]
[2020.09.21-02.53.27:627][  0]LogConfig: Setting CVar [[r.BloomQuality:5]]
[2020.09.21-02.53.27:627][  0]LogConfig: Setting CVar [[r.FastBlurThreshold:100]]
[2020.09.21-02.53.27:627][  0]LogConfig: Setting CVar [[r.Upscale.Quality:3]]
[2020.09.21-02.53.27:627][  0]LogConfig: Setting CVar [[r.Tonemapper.GrainQuantization:1]]
[2020.09.21-02.53.27:627][  0]LogConfig: Setting CVar [[r.LightShaftQuality:1]]
[2020.09.21-02.53.27:627][  0]LogConfig: Setting CVar [[r.Filter.SizeScale:1]]
[2020.09.21-02.53.27:627][  0]LogConfig: Setting CVar [[r.Tonemapper.Quality:5]]
[2020.09.21-02.53.27:627][  0]LogConfig: Setting CVar [[r.DOF.Gather.AccumulatorQuality:1        ; higher gathering accumulator quality]]
[2020.09.21-02.53.27:627][  0]LogConfig: Setting CVar [[r.DOF.Gather.PostfilterMethod:1          ; Median3x3 postfilering method]]
[2020.09.21-02.53.27:627][  0]LogConfig: Setting CVar [[r.DOF.Gather.EnableBokehSettings:0       ; no bokeh simulation when gathering]]
[2020.09.21-02.53.27:627][  0]LogConfig: Setting CVar [[r.DOF.Gather.RingCount:4                 ; medium number of samples when gathering]]
[2020.09.21-02.53.27:627][  0]LogConfig: Setting CVar [[r.DOF.Scatter.ForegroundCompositing:1    ; additive foreground scattering]]
[2020.09.21-02.53.27:627][  0]LogConfig: Setting CVar [[r.DOF.Scatter.BackgroundCompositing:2    ; additive background scattering]]
[2020.09.21-02.53.27:627][  0]LogConfig: Setting CVar [[r.DOF.Scatter.EnableBokehSettings:1      ; bokeh simulation when scattering]]
[2020.09.21-02.53.27:627][  0]LogConfig: Setting CVar [[r.DOF.Scatter.MaxSpriteRatio:0.1         ; only a maximum of 10% of scattered bokeh]]
[2020.09.21-02.53.27:627][  0]LogConfig: Setting CVar [[r.DOF.Recombine.Quality:1                ; cheap slight out of focus]]
[2020.09.21-02.53.27:627][  0]LogConfig: Setting CVar [[r.DOF.Recombine.EnableBokehSettings:0    ; no bokeh simulation on slight out of focus]]
[2020.09.21-02.53.27:627][  0]LogConfig: Setting CVar [[r.DOF.TemporalAAQuality:1                ; more stable temporal accumulation]]
[2020.09.21-02.53.27:627][  0]LogConfig: Setting CVar [[r.DOF.Kernel.MaxForegroundRadius:0.025]]
[2020.09.21-02.53.27:628][  0]LogConfig: Setting CVar [[r.DOF.Kernel.MaxBackgroundRadius:0.025]]
[2020.09.21-02.53.27:628][  0]LogConfig: Applying CVar settings from Section [TextureQuality@3] File [C:/Users/joshu/OneDrive/Documents/Unreal Projects/MyProject/Saved/Config/Windows/Scalability.ini]
[2020.09.21-02.53.27:628][  0]LogConfig: Setting CVar [[r.Streaming.MipBias:0]]
[2020.09.21-02.53.27:628][  0]LogConfig: Setting CVar [[r.Streaming.AmortizeCPUToGPUCopy:0]]
[2020.09.21-02.53.27:628][  0]LogConfig: Setting CVar [[r.Streaming.MaxNumTexturesToStreamPerFrame:0]]
[2020.09.21-02.53.27:628][  0]LogConfig: Setting CVar [[r.Streaming.Boost:1]]
[2020.09.21-02.53.27:628][  0]LogConfig: Setting CVar [[r.MaxAnisotropy:8]]
[2020.09.21-02.53.27:628][  0]LogConfig: Setting CVar [[r.VT.MaxAnisotropy:8]]
[2020.09.21-02.53.27:628][  0]LogConfig: Setting CVar [[r.Streaming.LimitPoolSizeToVRAM:0]]
[2020.09.21-02.53.27:628][  0]LogConfig: Setting CVar [[r.Streaming.PoolSize:1000]]
[2020.09.21-02.53.27:628][  0]LogConfig: Setting CVar [[r.Streaming.MaxEffectiveScreenSize:0]]
[2020.09.21-02.53.27:628][  0]LogConfig: Applying CVar settings from Section [EffectsQuality@3] File [C:/Users/joshu/OneDrive/Documents/Unreal Projects/MyProject/Saved/Config/Windows/Scalability.ini]
[2020.09.21-02.53.27:628][  0]LogConfig: Setting CVar [[r.TranslucencyLightingVolumeDim:64]]
[2020.09.21-02.53.27:628][  0]LogConfig: Setting CVar [[r.RefractionQuality:2]]
[2020.09.21-02.53.27:628][  0]LogConfig: Setting CVar [[r.SSR.Quality:3]]
[2020.09.21-02.53.27:628][  0]LogConfig: Setting CVar [[r.SSR.HalfResSceneColor:0]]
[2020.09.21-02.53.27:628][  0]LogConfig: Setting CVar [[r.SceneColorFormat:4]]
[2020.09.21-02.53.27:628][  0]LogConfig: Setting CVar [[r.DetailMode:2]]
[2020.09.21-02.53.27:628][  0]LogConfig: Setting CVar [[r.TranslucencyVolumeBlur:1]]
[2020.09.21-02.53.27:628][  0]LogConfig: Setting CVar [[r.MaterialQualityLevel:1 ; High quality]]
[2020.09.21-02.53.27:628][  0]LogConfig: Setting CVar [[r.SSS.Scale:1]]
[2020.09.21-02.53.27:628][  0]LogConfig: Setting CVar [[r.SSS.SampleSet:2]]
[2020.09.21-02.53.27:628][  0]LogConfig: Setting CVar [[r.SSS.Quality:1]]
[2020.09.21-02.53.27:628][  0]LogConfig: Setting CVar [[r.SSS.HalfRes:0]]
[2020.09.21-02.53.27:628][  0]LogConfig: Setting CVar [[r.SSGI.Quality:3]]
[2020.09.21-02.53.27:628][  0]LogConfig: Setting CVar [[r.EmitterSpawnRateScale:1.0]]
[2020.09.21-02.53.27:628][  0]LogConfig: Setting CVar [[r.ParticleLightQuality:2]]
[2020.09.21-02.53.27:628][  0]LogConfig: Setting CVar [[r.SkyAtmosphere.AerialPerspectiveLUT.FastApplyOnOpaque:1 ; Always have FastSkyLUT 1 in this case to avoid wrong sky]]
[2020.09.21-02.53.27:628][  0]LogConfig: Setting CVar [[r.SkyAtmosphere.AerialPerspectiveLUT.SampleCountPerSlice:1]]
[2020.09.21-02.53.27:628][  0]LogConfig: Setting CVar [[r.SkyAtmosphere.AerialPerspectiveLUT.DepthResolution:16.0]]
[2020.09.21-02.53.27:628][  0]LogConfig: Setting CVar [[r.SkyAtmosphere.FastSkyLUT:1]]
[2020.09.21-02.53.27:628][  0]LogConfig: Setting CVar [[r.SkyAtmosphere.FastSkyLUT.SampleCountMin:4.0]]
[2020.09.21-02.53.27:628][  0]LogConfig: Setting CVar [[r.SkyAtmosphere.FastSkyLUT.SampleCountMax:32.0]]
[2020.09.21-02.53.27:628][  0]LogConfig: Setting CVar [[r.SkyAtmosphere.SampleCountMin:4.0]]
[2020.09.21-02.53.27:628][  0]LogConfig: Setting CVar [[r.SkyAtmosphere.SampleCountMax:32.0]]
[2020.09.21-02.53.27:628][  0]LogConfig: Setting CVar [[r.SkyAtmosphere.TransmittanceLUT.UseSmallFormat:0]]
[2020.09.21-02.53.27:628][  0]LogConfig: Setting CVar [[r.SkyAtmosphere.TransmittanceLUT.SampleCount:10.0]]
[2020.09.21-02.53.27:628][  0]LogConfig: Setting CVar [[r.SkyAtmosphere.MultiScatteringLUT.SampleCount:15.0]]
[2020.09.21-02.53.27:628][  0]LogConfig: Applying CVar settings from Section [FoliageQuality@3] File [C:/Users/joshu/OneDrive/Documents/Unreal Projects/MyProject/Saved/Config/Windows/Scalability.ini]
[2020.09.21-02.53.27:628][  0]LogConfig: Setting CVar [[foliage.DensityScale:1.0]]
[2020.09.21-02.53.27:628][  0]LogConfig: Setting CVar [[grass.DensityScale:1.0]]
[2020.09.21-02.53.27:628][  0]LogConfig: Applying CVar settings from Section [ShadingQuality@3] File [C:/Users/joshu/OneDrive/Documents/Unreal Projects/MyProject/Saved/Config/Windows/Scalability.ini]
[2020.09.21-02.53.27:628][  0]LogConfig: Setting CVar [[r.HairStrands.SkyLighting.SampleCount:16]]
[2020.09.21-02.53.27:628][  0]LogConfig: Setting CVar [[r.HairStrands.SkyLighting.JitterIntegration:0]]
[2020.09.21-02.53.27:628][  0]LogConfig: Setting CVar [[r.HairStrands.SkyAO.SampleCount:16]]
[2020.09.21-02.53.27:628][  0]LogConfig: Setting CVar [[r.HairStrands.DeepShadow.SuperSampling:0]]
[2020.09.21-02.53.27:628][  0]LogConfig: Setting CVar [[r.HairStrands.VisibilityPPLL:0]]
[2020.09.21-02.53.27:628][  0]LogConfig: Setting CVar [[r.HairStrands.RasterizationScale:0.5]]
[2020.09.21-02.53.27:628][  0]LogConfig: Setting CVar [[r.HairStrands.VelocityRasterizationScale:1]]
[2020.09.21-02.53.27:628][  0]LogInit: Selected Device Profile: [Windows]
[2020.09.21-02.53.27:628][  0]LogInit: Applying CVar settings loaded from the selected device profile: [Windows]
[2020.09.21-02.53.27:628][  0]LogHAL: Display: Platform has ~ 16 GB [17077833728 / 17179869184 / 16], which maps to Larger [LargestMinGB=32, LargerMinGB=12, DefaultMinGB=8, SmallerMinGB=6, SmallestMinGB=0)
[2020.09.21-02.53.27:628][  0]LogInit: Going up to parent DeviceProfile []
[2020.09.21-02.53.27:628][  0]LogConfig: Applying CVar settings from Section [ViewDistanceQuality@3] File [C:/Users/joshu/OneDrive/Documents/Unreal Projects/MyProject/Saved/Config/Windows/Scalability.ini]
[2020.09.21-02.53.27:628][  0]LogConfig: Setting CVar [[r.SkeletalMeshLODBias:0]]
[2020.09.21-02.53.27:628][  0]LogConfig: Setting CVar [[r.ViewDistanceScale:1.0]]
[2020.09.21-02.53.27:628][  0]LogConfig: Applying CVar settings from Section [AntiAliasingQuality@3] File [C:/Users/joshu/OneDrive/Documents/Unreal Projects/MyProject/Saved/Config/Windows/Scalability.ini]
[2020.09.21-02.53.27:628][  0]LogConfig: Setting CVar [[r.PostProcessAAQuality:4]]
[2020.09.21-02.53.27:628][  0]LogConfig: Applying CVar settings from Section [ShadowQuality@3] File [C:/Users/joshu/OneDrive/Documents/Unreal Projects/MyProject/Saved/Config/Windows/Scalability.ini]
[2020.09.21-02.53.27:628][  0]LogConfig: Setting CVar [[r.LightFunctionQuality:1]]
[2020.09.21-02.53.27:628][  0]LogConfig: Setting CVar [[r.ShadowQuality:5]]
[2020.09.21-02.53.27:628][  0]LogConfig: Setting CVar [[r.Shadow.CSM.MaxCascades:10]]
[2020.09.21-02.53.27:628][  0]LogConfig: Setting CVar [[r.Shadow.MaxResolution:2048]]
[2020.09.21-02.53.27:628][  0]LogConfig: Setting CVar [[r.Shadow.MaxCSMResolution:2048]]
[2020.09.21-02.53.27:628][  0]LogConfig: Setting CVar [[r.Shadow.RadiusThreshold:0.01]]
[2020.09.21-02.53.27:628][  0]LogConfig: Setting CVar [[r.Shadow.DistanceScale:1.0]]
[2020.09.21-02.53.27:628][  0]LogConfig: Setting CVar [[r.Shadow.CSM.TransitionScale:1.0]]
[2020.09.21-02.53.27:628][  0]LogConfig: Setting CVar [[r.Shadow.PreShadowResolutionFactor:1.0]]
[2020.09.21-02.53.27:628][  0]LogConfig: Setting CVar [[r.DistanceFieldShadowing:1]]
[2020.09.21-02.53.27:628][  0]LogConfig: Setting CVar [[r.DistanceFieldAO:1]]
[2020.09.21-02.53.27:628][  0]LogConfig: Setting CVar [[r.AOQuality:2]]
[2020.09.21-02.53.27:628][  0]LogConfig: Setting CVar [[r.VolumetricFog:1]]
[2020.09.21-02.53.27:628][  0]LogConfig: Setting CVar [[r.VolumetricFog.GridPixelSize:8]]
[2020.09.21-02.53.27:628][  0]LogConfig: Setting CVar [[r.VolumetricFog.GridSizeZ:128]]
[2020.09.21-02.53.27:628][  0]LogConfig: Setting CVar [[r.VolumetricFog.HistoryMissSupersampleCount:4]]
[2020.09.21-02.53.27:628][  0]LogConfig: Setting CVar [[r.LightMaxDrawDistanceScale:1]]
[2020.09.21-02.53.27:628][  0]LogConfig: Setting CVar [[r.CapsuleShadows:1]]
[2020.09.21-02.53.27:628][  0]LogConfig: Applying CVar settings from Section [PostProcessQuality@3] File [C:/Users/joshu/OneDrive/Documents/Unreal Projects/MyProject/Saved/Config/Windows/Scalability.ini]
[2020.09.21-02.53.27:628][  0]LogConfig: Setting CVar [[r.MotionBlurQuality:4]]
[2020.09.21-02.53.27:629][  0]LogConfig: Setting CVar [[r.AmbientOcclusionMipLevelFactor:0.4]]
[2020.09.21-02.53.27:629][  0]LogConfig: Setting CVar [[r.AmbientOcclusionMaxQuality:100]]
[2020.09.21-02.53.27:629][  0]LogConfig: Setting CVar [[r.AmbientOcclusionLevels:-1]]
[2020.09.21-02.53.27:629][  0]LogConfig: Setting CVar [[r.AmbientOcclusionRadiusScale:1.0]]
[2020.09.21-02.53.27:629][  0]LogConfig: Setting CVar [[r.DepthOfFieldQuality:2]]
[2020.09.21-02.53.27:629][  0]LogConfig: Setting CVar [[r.RenderTargetPoolMin:400]]
[2020.09.21-02.53.27:629][  0]LogConfig: Setting CVar [[r.LensFlareQuality:2]]
[2020.09.21-02.53.27:629][  0]LogConfig: Setting CVar [[r.SceneColorFringeQuality:1]]
[2020.09.21-02.53.27:629][  0]LogConfig: Setting CVar [[r.EyeAdaptationQuality:2]]
[2020.09.21-02.53.27:629][  0]LogConfig: Setting CVar [[r.BloomQuality:5]]
[2020.09.21-02.53.27:629][  0]LogConfig: Setting CVar [[r.FastBlurThreshold:100]]
[2020.09.21-02.53.27:629][  0]LogConfig: Setting CVar [[r.Upscale.Quality:3]]
[2020.09.21-02.53.27:629][  0]LogConfig: Setting CVar [[r.Tonemapper.GrainQuantization:1]]
[2020.09.21-02.53.27:629][  0]LogConfig: Setting CVar [[r.LightShaftQuality:1]]
[2020.09.21-02.53.27:629][  0]LogConfig: Setting CVar [[r.Filter.SizeScale:1]]
[2020.09.21-02.53.27:629][  0]LogConfig: Setting CVar [[r.Tonemapper.Quality:5]]
[2020.09.21-02.53.27:629][  0]LogConfig: Setting CVar [[r.DOF.Gather.AccumulatorQuality:1        ; higher gathering accumulator quality]]
[2020.09.21-02.53.27:629][  0]LogConfig: Setting CVar [[r.DOF.Gather.PostfilterMethod:1          ; Median3x3 postfilering method]]
[2020.09.21-02.53.27:629][  0]LogConfig: Setting CVar [[r.DOF.Gather.EnableBokehSettings:0       ; no bokeh simulation when gathering]]
[2020.09.21-02.53.27:629][  0]LogConfig: Setting CVar [[r.DOF.Gather.RingCount:4                 ; medium number of samples when gathering]]
[2020.09.21-02.53.27:629][  0]LogConfig: Setting CVar [[r.DOF.Scatter.ForegroundCompositing:1    ; additive foreground scattering]]
[2020.09.21-02.53.27:629][  0]LogConfig: Setting CVar [[r.DOF.Scatter.BackgroundCompositing:2    ; additive background scattering]]
[2020.09.21-02.53.27:629][  0]LogConfig: Setting CVar [[r.DOF.Scatter.EnableBokehSettings:1      ; bokeh simulation when scattering]]
[2020.09.21-02.53.27:629][  0]LogConfig: Setting CVar [[r.DOF.Scatter.MaxSpriteRatio:0.1         ; only a maximum of 10% of scattered bokeh]]
[2020.09.21-02.53.27:629][  0]LogConfig: Setting CVar [[r.DOF.Recombine.Quality:1                ; cheap slight out of focus]]
[2020.09.21-02.53.27:629][  0]LogConfig: Setting CVar [[r.DOF.Recombine.EnableBokehSettings:0    ; no bokeh simulation on slight out of focus]]
[2020.09.21-02.53.27:629][  0]LogConfig: Setting CVar [[r.DOF.TemporalAAQuality:1                ; more stable temporal accumulation]]
[2020.09.21-02.53.27:629][  0]LogConfig: Setting CVar [[r.DOF.Kernel.MaxForegroundRadius:0.025]]
[2020.09.21-02.53.27:629][  0]LogConfig: Setting CVar [[r.DOF.Kernel.MaxBackgroundRadius:0.025]]
[2020.09.21-02.53.27:629][  0]LogConfig: Applying CVar settings from Section [TextureQuality@3] File [C:/Users/joshu/OneDrive/Documents/Unreal Projects/MyProject/Saved/Config/Windows/Scalability.ini]
[2020.09.21-02.53.27:629][  0]LogConfig: Setting CVar [[r.Streaming.MipBias:0]]
[2020.09.21-02.53.27:629][  0]LogConfig: Setting CVar [[r.Streaming.AmortizeCPUToGPUCopy:0]]
[2020.09.21-02.53.27:629][  0]LogConfig: Setting CVar [[r.Streaming.MaxNumTexturesToStreamPerFrame:0]]
[2020.09.21-02.53.27:629][  0]LogConfig: Setting CVar [[r.Streaming.Boost:1]]
[2020.09.21-02.53.27:629][  0]LogConfig: Setting CVar [[r.MaxAnisotropy:8]]
[2020.09.21-02.53.27:629][  0]LogConfig: Setting CVar [[r.VT.MaxAnisotropy:8]]
[2020.09.21-02.53.27:629][  0]LogConfig: Setting CVar [[r.Streaming.LimitPoolSizeToVRAM:0]]
[2020.09.21-02.53.27:629][  0]LogConfig: Setting CVar [[r.Streaming.PoolSize:1000]]
[2020.09.21-02.53.27:629][  0]LogConfig: Setting CVar [[r.Streaming.MaxEffectiveScreenSize:0]]
[2020.09.21-02.53.27:629][  0]LogConfig: Applying CVar settings from Section [EffectsQuality@3] File [C:/Users/joshu/OneDrive/Documents/Unreal Projects/MyProject/Saved/Config/Windows/Scalability.ini]
[2020.09.21-02.53.27:629][  0]LogConfig: Setting CVar [[r.TranslucencyLightingVolumeDim:64]]
[2020.09.21-02.53.27:629][  0]LogConfig: Setting CVar [[r.RefractionQuality:2]]
[2020.09.21-02.53.27:629][  0]LogConfig: Setting CVar [[r.SSR.Quality:3]]
[2020.09.21-02.53.27:629][  0]LogConfig: Setting CVar [[r.SSR.HalfResSceneColor:0]]
[2020.09.21-02.53.27:629][  0]LogConfig: Setting CVar [[r.SceneColorFormat:4]]
[2020.09.21-02.53.27:629][  0]LogConfig: Setting CVar [[r.DetailMode:2]]
[2020.09.21-02.53.27:629][  0]LogConfig: Setting CVar [[r.TranslucencyVolumeBlur:1]]
[2020.09.21-02.53.27:629][  0]LogConfig: Setting CVar [[r.MaterialQualityLevel:1 ; High quality]]
[2020.09.21-02.53.27:629][  0]LogConfig: Setting CVar [[r.SSS.Scale:1]]
[2020.09.21-02.53.27:629][  0]LogConfig: Setting CVar [[r.SSS.SampleSet:2]]
[2020.09.21-02.53.27:629][  0]LogConfig: Setting CVar [[r.SSS.Quality:1]]
[2020.09.21-02.53.27:629][  0]LogConfig: Setting CVar [[r.SSS.HalfRes:0]]
[2020.09.21-02.53.27:629][  0]LogConfig: Setting CVar [[r.SSGI.Quality:3]]
[2020.09.21-02.53.27:629][  0]LogConfig: Setting CVar [[r.EmitterSpawnRateScale:1.0]]
[2020.09.21-02.53.27:629][  0]LogConfig: Setting CVar [[r.ParticleLightQuality:2]]
[2020.09.21-02.53.27:629][  0]LogConfig: Setting CVar [[r.SkyAtmosphere.AerialPerspectiveLUT.FastApplyOnOpaque:1 ; Always have FastSkyLUT 1 in this case to avoid wrong sky]]
[2020.09.21-02.53.27:629][  0]LogConfig: Setting CVar [[r.SkyAtmosphere.AerialPerspectiveLUT.SampleCountPerSlice:1]]
[2020.09.21-02.53.27:629][  0]LogConfig: Setting CVar [[r.SkyAtmosphere.AerialPerspectiveLUT.DepthResolution:16.0]]
[2020.09.21-02.53.27:629][  0]LogConfig: Setting CVar [[r.SkyAtmosphere.FastSkyLUT:1]]
[2020.09.21-02.53.27:629][  0]LogConfig: Setting CVar [[r.SkyAtmosphere.FastSkyLUT.SampleCountMin:4.0]]
[2020.09.21-02.53.27:629][  0]LogConfig: Setting CVar [[r.SkyAtmosphere.FastSkyLUT.SampleCountMax:32.0]]
[2020.09.21-02.53.27:629][  0]LogConfig: Setting CVar [[r.SkyAtmosphere.SampleCountMin:4.0]]
[2020.09.21-02.53.27:629][  0]LogConfig: Setting CVar [[r.SkyAtmosphere.SampleCountMax:32.0]]
[2020.09.21-02.53.27:629][  0]LogConfig: Setting CVar [[r.SkyAtmosphere.TransmittanceLUT.UseSmallFormat:0]]
[2020.09.21-02.53.27:629][  0]LogConfig: Setting CVar [[r.SkyAtmosphere.TransmittanceLUT.SampleCount:10.0]]
[2020.09.21-02.53.27:629][  0]LogConfig: Setting CVar [[r.SkyAtmosphere.MultiScatteringLUT.SampleCount:15.0]]
[2020.09.21-02.53.27:629][  0]LogConfig: Applying CVar settings from Section [FoliageQuality@3] File [C:/Users/joshu/OneDrive/Documents/Unreal Projects/MyProject/Saved/Config/Windows/Scalability.ini]
[2020.09.21-02.53.27:629][  0]LogConfig: Setting CVar [[foliage.DensityScale:1.0]]
[2020.09.21-02.53.27:629][  0]LogConfig: Setting CVar [[grass.DensityScale:1.0]]
[2020.09.21-02.53.27:629][  0]LogConfig: Applying CVar settings from Section [ShadingQuality@3] File [C:/Users/joshu/OneDrive/Documents/Unreal Projects/MyProject/Saved/Config/Windows/Scalability.ini]
[2020.09.21-02.53.27:629][  0]LogConfig: Setting CVar [[r.HairStrands.SkyLighting.SampleCount:16]]
[2020.09.21-02.53.27:629][  0]LogConfig: Setting CVar [[r.HairStrands.SkyLighting.JitterIntegration:0]]
[2020.09.21-02.53.27:629][  0]LogConfig: Setting CVar [[r.HairStrands.SkyAO.SampleCount:16]]
[2020.09.21-02.53.27:629][  0]LogConfig: Setting CVar [[r.HairStrands.DeepShadow.SuperSampling:0]]
[2020.09.21-02.53.27:629][  0]LogConfig: Setting CVar [[r.HairStrands.VisibilityPPLL:0]]
[2020.09.21-02.53.27:629][  0]LogConfig: Setting CVar [[r.HairStrands.RasterizationScale:0.5]]
[2020.09.21-02.53.27:629][  0]LogConfig: Setting CVar [[r.HairStrands.VelocityRasterizationScale:1]]
[2020.09.21-02.53.27:629][  0]LogConfig: Applying CVar settings from Section [Startup] File [../../../Engine/Config/ConsoleVariables.ini]
[2020.09.21-02.53.27:630][  0]LogConfig: Setting CVar [[net.UseAdaptiveNetUpdateFrequency:0]]
[2020.09.21-02.53.27:630][  0]LogConfig: Setting CVar [[p.chaos.AllowCreatePhysxBodies:1]]
[2020.09.21-02.53.27:630][  0]LogConfig: Setting CVar [[fx.SkipVectorVMBackendOptimizations:1]]
[2020.09.21-02.53.27:630][  0]LogConfig: Applying CVar settings from Section [ConsoleVariables] File [C:/Users/joshu/OneDrive/Documents/Unreal Projects/MyProject/Saved/Config/Windows/Engine.ini]
[2020.09.21-02.53.27:630][  0]LogInit: Computer: VIRGI
[2020.09.21-02.53.27:630][  0]LogInit: User: joshu
[2020.09.21-02.53.27:630][  0]LogInit: CPU Page size=4096, Cores=6
[2020.09.21-02.53.27:630][  0]LogInit: High frequency timer resolution =10.000000 MHz
[2020.09.21-02.53.27:630][  0]LogMemory: Memory total: Physical=15.9GB (16GB approx)
[2020.09.21-02.53.27:630][  0]LogMemory: Platform Memory Stats for Windows
[2020.09.21-02.53.27:630][  0]LogMemory: Process Physical Memory: 114.06 MB used, 114.07 MB peak
[2020.09.21-02.53.27:630][  0]LogMemory: Process Virtual Memory: 97.15 MB used, 97.15 MB peak
[2020.09.21-02.53.27:630][  0]LogMemory: Physical Memory: 5514.93 MB used,  10771.76 MB free, 16286.69 MB total
[2020.09.21-02.53.27:630][  0]LogMemory: Virtual Memory: 5164.91 MB used,  134212560.00 MB free, 134217728.00 MB total
[2020.09.21-02.53.27:634][  0]LogWindows: WindowsPlatformFeatures enabled
[2020.09.21-02.53.27:670][  0]LogInit: Physics initialised using underlying interface: PhysX
[2020.09.21-02.53.27:672][  0]LogInit: Using OS detected language (en-US).
[2020.09.21-02.53.27:672][  0]LogInit: Using OS detected locale (en-CA).
[2020.09.21-02.53.27:675][  0]LogTextLocalizationManager: No specific localization for 'en-US' exists, so the 'en' localization will be used.
[2020.09.21-02.53.27:844][  0]LogInit: Setting process to per monitor DPI aware
[2020.09.21-02.53.27:880][  0]LogSlate: New Slate User Created.  User Index 0, Is Virtual User: 0
[2020.09.21-02.53.27:880][  0]LogSlate: Slate User Registered.  User Index 0, Is Virtual User: 0
[2020.09.21-02.53.28:035][  0]LogHMD: Failed to initialize OpenVR with code 110
[2020.09.21-02.53.28:035][  0]LogD3D11RHI: D3D11 min allowed feature level: 11_0
[2020.09.21-02.53.28:035][  0]LogD3D11RHI: D3D11 max allowed feature level: 11_0
[2020.09.21-02.53.28:035][  0]LogD3D11RHI: D3D11 adapters:
[2020.09.21-02.53.28:106][  0]LogD3D11RHI:    0. 'NVIDIA GeForce GTX 1060 with Max-Q Design' (Feature Level 11_0)
[2020.09.21-02.53.28:106][  0]LogD3D11RHI:       6052/0/8143 MB DedicatedVideo/DedicatedSystem/SharedSystem, Outputs:1, VendorId:0x10de
[2020.09.21-02.53.28:122][  0]LogD3D11RHI:    1. 'Intel(R) UHD Graphics 630' (Feature Level 11_0)
[2020.09.21-02.53.28:122][  0]LogD3D11RHI:       128/0/8143 MB DedicatedVideo/DedicatedSystem/SharedSystem, Outputs:0, VendorId:0x8086
[2020.09.21-02.53.28:123][  0]LogD3D11RHI:    2. 'Microsoft Basic Render Driver' (Feature Level 11_0)
[2020.09.21-02.53.28:123][  0]LogD3D11RHI:       0/0/8143 MB DedicatedVideo/DedicatedSystem/SharedSystem, Outputs:0, VendorId:0x1414
[2020.09.21-02.53.28:123][  0]LogD3D11RHI: Chosen D3D11 Adapter: 0
[2020.09.21-02.53.28:155][  0]LogD3D11RHI: Creating new Direct3DDevice
[2020.09.21-02.53.28:155][  0]LogD3D11RHI:     GPU DeviceId: 0x1c20 (for the marketing name, search the web for "GPU Device Id")
[2020.09.21-02.53.28:155][  0]LogWindows: EnumDisplayDevices:
[2020.09.21-02.53.28:155][  0]LogWindows:    0. 'Intel(R) UHD Graphics 630' (P:1 D:1)
[2020.09.21-02.53.28:156][  0]LogWindows:    1. 'Intel(R) UHD Graphics 630' (P:0 D:0)
[2020.09.21-02.53.28:156][  0]LogWindows:    2. 'Intel(R) UHD Graphics 630' (P:0 D:0)
[2020.09.21-02.53.28:156][  0]LogWindows:    3. 'NVIDIA GeForce GTX 1060 with Max-Q Design' (P:0 D:0)
[2020.09.21-02.53.28:156][  0]LogWindows:    4. 'NVIDIA GeForce GTX 1060 with Max-Q Design' (P:0 D:0)
[2020.09.21-02.53.28:157][  0]LogWindows:    5. 'NVIDIA GeForce GTX 1060 with Max-Q Design' (P:0 D:0)
[2020.09.21-02.53.28:157][  0]LogWindows:    6. 'NVIDIA GeForce GTX 1060 with Max-Q Design' (P:0 D:0)
[2020.09.21-02.53.28:157][  0]LogWindows: DebugString: PrimaryIsNotTheChoosenAdapter PrimaryIsNotTheChoosenAdapter PrimaryIsNotTheChoosenAdapter FoundDriverCount:4 
[2020.09.21-02.53.28:157][  0]LogD3D11RHI:     Adapter Name: NVIDIA GeForce GTX 1060 with Max-Q Design
[2020.09.21-02.53.28:157][  0]LogD3D11RHI:   Driver Version: 451.48 (internal:27.21.14.5148, unified:451.48)
[2020.09.21-02.53.28:157][  0]LogD3D11RHI:      Driver Date: 6-21-2020
[2020.09.21-02.53.28:157][  0]LogRHI: Texture pool is 4236 MB (70% of 6052 MB)
[2020.09.21-02.53.28:195][  0]LogD3D11RHI: RHI has support for 64 bit atomics
[2020.09.21-02.53.28:198][  0]LogD3D11RHI: [Aftermath] Enabled and primed
[2020.09.21-02.53.28:198][  0]LogD3D11RHI: Async texture creation enabled
[2020.09.21-02.53.28:198][  0]LogD3D11RHI: Array index from any shader is supported
[2020.09.21-02.53.28:224][  0]LogD3D11RHI: GPU Timing Frequency: 1000.000000 (Debug: 2 1)
[2020.09.21-02.53.28:480][  0]LogTargetPlatformManager: Display: Loaded TargetPlatform 'AllDesktop'
[2020.09.21-02.53.28:499][  0]LogTargetPlatformManager: Display: Loaded TargetPlatform 'Android'
[2020.09.21-02.53.28:499][  0]LogTargetPlatformManager: Display: Loaded TargetPlatform 'Android_ASTC'
[2020.09.21-02.53.28:499][  0]LogTargetPlatformManager: Display: Loaded TargetPlatform 'Android_DXT'
[2020.09.21-02.53.28:499][  0]LogTargetPlatformManager: Display: Loaded TargetPlatform 'Android_ETC2'
[2020.09.21-02.53.28:499][  0]LogTargetPlatformManager: Display: Loaded TargetPlatform 'AndroidClient'
[2020.09.21-02.53.28:499][  0]LogTargetPlatformManager: Display: Loaded TargetPlatform 'Android_ASTCClient'
[2020.09.21-02.53.28:499][  0]LogTargetPlatformManager: Display: Loaded TargetPlatform 'Android_DXTClient'
[2020.09.21-02.53.28:499][  0]LogTargetPlatformManager: Display: Loaded TargetPlatform 'Android_ETC2Client'
[2020.09.21-02.53.28:499][  0]LogTargetPlatformManager: Display: Loaded TargetPlatform 'Android_Multi'
[2020.09.21-02.53.28:499][  0]LogTargetPlatformManager: Display: Loaded TargetPlatform 'Android_MultiClient'
[2020.09.21-02.53.28:520][  0]LogTargetPlatformManager: Display: Loaded TargetPlatform 'IOSClient'
[2020.09.21-02.53.28:520][  0]LogTargetPlatformManager: Display: Loaded TargetPlatform 'IOS'
[2020.09.21-02.53.28:529][  0]LogTargetPlatformManager: Display: Loaded TargetPlatform 'Linux'
[2020.09.21-02.53.28:538][  0]LogTargetPlatformManager: Display: Loaded TargetPlatform 'LinuxNoEditor'
[2020.09.21-02.53.28:546][  0]LogTargetPlatformManager: Display: Loaded TargetPlatform 'LinuxClient'
[2020.09.21-02.53.28:554][  0]LogTargetPlatformManager: Display: Loaded TargetPlatform 'LinuxServer'
[2020.09.21-02.53.28:562][  0]LogTargetPlatformManager: Display: Loaded TargetPlatform 'LinuxAArch64NoEditor'
[2020.09.21-02.53.28:570][  0]LogTargetPlatformManager: Display: Loaded TargetPlatform 'LinuxAArch64Client'
[2020.09.21-02.53.28:578][  0]LogTargetPlatformManager: Display: Loaded TargetPlatform 'LinuxAArch64Server'
[2020.09.21-02.53.28:601][  0]LogTargetPlatformManager: Display: Loaded TargetPlatform 'Lumin'
[2020.09.21-02.53.28:601][  0]LogTargetPlatformManager: Display: Loaded TargetPlatform 'LuminClient'
[2020.09.21-02.53.28:615][  0]LogTargetPlatformManager: Display: Loaded TargetPlatform 'TVOSClient'
[2020.09.21-02.53.28:615][  0]LogTargetPlatformManager: Display: Loaded TargetPlatform 'TVOS'
[2020.09.21-02.53.28:624][  0]LogTargetPlatformManager: Display: Loaded TargetPlatform 'WindowsNoEditor'
[2020.09.21-02.53.28:632][  0]LogTargetPlatformManager: Display: Loaded TargetPlatform 'Windows'
[2020.09.21-02.53.28:640][  0]LogTargetPlatformManager: Display: Loaded TargetPlatform 'WindowsClient'
[2020.09.21-02.53.28:648][  0]LogTargetPlatformManager: Display: Loaded TargetPlatform 'WindowsServer'
[2020.09.21-02.53.28:648][  0]LogTargetPlatformManager: Display: Building Assets For Windows
[2020.09.21-02.53.28:656][  0]LogAudioDebug: Display: Lib vorbis DLL was dynamically loaded.
[2020.09.21-02.53.28:709][  0]LogShaderCompilers: Guid format shader working directory is -29 characters bigger than the processId version (../../../../../../Users/joshu/OneDrive/Documents/Unreal Projects/MyProject/Intermediate/Shaders/WorkingDirectory/11040/).
[2020.09.21-02.53.28:710][  0]LogShaderCompilers: Cleaned the shader compiler working directory 'C:/Users/joshu/AppData/Local/Temp/UnrealShaderWorkingDir/64E6DAFC4245B77CF842F49F8E86F145/'.
[2020.09.21-02.53.28:710][  0]LogXGEController: Cleaning working directory: C:/Users/joshu/AppData/Local/Temp/UnrealXGEWorkingDir/
[2020.09.21-02.53.28:710][  0]LogXGEController: Cannot use XGE Controller as Incredibuild is not installed on this machine.
[2020.09.21-02.53.28:710][  0]LogShaderCompilers: Cannot use XGE Shader Compiler as Incredibuild is not installed on this machine.
[2020.09.21-02.53.28:710][  0]LogShaderCompilers: Display: Using Local Shader Compiler.
[2020.09.21-02.53.29:377][  0]LogDerivedDataCache: Display: Max Cache Size: 512 MB
[2020.09.21-02.53.29:424][  0]LogDerivedDataCache: Loaded boot cache 0.05s 75MB C:/Users/joshu/AppData/Local/UnrealEngine/4.25/DerivedDataCache/Boot.ddc.
[2020.09.21-02.53.29:424][  0]LogDerivedDataCache: Display: Loaded Boot cache: C:/Users/joshu/AppData/Local/UnrealEngine/4.25/DerivedDataCache/Boot.ddc
[2020.09.21-02.53.29:424][  0]LogDerivedDataCache: FDerivedDataBackendGraph:  Pak pak cache file ../../../../../../Users/joshu/OneDrive/Documents/Unreal Projects/MyProject/DerivedDataCache/DDC.ddp not found, will not use a pak cache.
[2020.09.21-02.53.29:424][  0]LogDerivedDataCache: Unable to find inner node Pak for hierarchical cache Hierarchy.
[2020.09.21-02.53.29:424][  0]LogDerivedDataCache: FDerivedDataBackendGraph:  CompressedPak pak cache file ../../../../../../Users/joshu/OneDrive/Documents/Unreal Projects/MyProject/DerivedDataCache/Compressed.ddp not found, will not use a pak cache.
[2020.09.21-02.53.29:424][  0]LogDerivedDataCache: Unable to find inner node CompressedPak for hierarchical cache Hierarchy.
[2020.09.21-02.53.29:433][  0]LogDerivedDataCache: Display: Pak cache opened for reading ../../../Engine/DerivedDataCache/Compressed.ddp.
[2020.09.21-02.53.29:434][  0]LogDerivedDataCache: FDerivedDataBackendGraph:  EnterprisePak pak cache file ../../../Enterprise/DerivedDataCache/Compressed.ddp not found, will not use a pak cache.
[2020.09.21-02.53.29:434][  0]LogDerivedDataCache: Unable to find inner node EnterprisePak for hierarchical cache Hierarchy.
[2020.09.21-02.53.29:435][  0]LogDerivedDataCache: Using Local data cache path C:/Users/joshu/AppData/Local/UnrealEngine/Common/DerivedDataCache: Writable
[2020.09.21-02.53.29:435][  0]LogDerivedDataCache: Shared data cache path not found in *engine.ini, will not use an Shared cache.
[2020.09.21-02.53.29:435][  0]LogDerivedDataCache: Unable to find inner node Shared for hierarchical cache Hierarchy.
[2020.09.21-02.53.29:480][  0]LogSlate: Using FreeType 2.10.0
[2020.09.21-02.53.29:481][  0]LogSlate: SlateFontServices - WITH_FREETYPE: 1, WITH_HARFBUZZ: 1
[2020.09.21-02.53.29:504][  0]LogAssetRegistry: FAssetRegistry took 0.0022 seconds to start up
[2020.09.21-02.53.29:702][  0]LogInit: Selected Device Profile: [Windows]
[2020.09.21-02.53.29:803][  0]LogMeshReduction: Using QuadricMeshReduction for automatic static mesh reduction
[2020.09.21-02.53.29:803][  0]LogMeshReduction: Using SimplygonMeshReduction for automatic skeletal mesh reduction
[2020.09.21-02.53.29:803][  0]LogMeshReduction: Using ProxyLODMeshReduction for automatic mesh merging
[2020.09.21-02.53.29:803][  0]LogMeshReduction: No distributed automatic mesh merging module available
[2020.09.21-02.53.29:803][  0]LogMeshMerging: No distributed automatic mesh merging module available
[2020.09.21-02.53.29:816][  0]LogNetVersion: MyProject 1.0.0, NetCL: 13144385, EngineNetVer: 14, GameNetVer: 0 (Checksum: 709303259)
[2020.09.21-02.53.30:207][  0]LogAISub: UAISubsystem::UAISubsystem AISubsystem (000002792FBCDBC0), frame # 0
[2020.09.21-02.53.30:207][  0]LogAISub: UAISubsystem::UAISubsystem AIPerceptionSystem (000002792FB13740), frame # 0
[2020.09.21-02.53.30:208][  0]LogAISub: UAISubsystem::UAISubsystem EnvQueryManager (000002792FB66000), frame # 0
[2020.09.21-02.53.30:257][  0]LogPackageLocalizationCache: Processed 19 localized package path(s) for 1 prioritized culture(s) in 0.044394 seconds
[2020.09.21-02.53.30:262][  0]LogUObjectArray: 15917 objects as part of root set at end of initial load.
[2020.09.21-02.53.30:262][  0]LogUObjectAllocator: 3965568 out of 0 bytes used by permanent object pool.
[2020.09.21-02.53.30:262][  0]LogUObjectArray: CloseDisregardForGC: 0/0 objects in disregard for GC pool
[2020.09.21-02.53.30:564][  0]LogTcpMessaging: Initializing TcpMessaging bridge
[2020.09.21-02.53.30:568][  0]LogUdpMessaging: Initializing bridge on interface 0.0.0.0:0 to multicast group 230.0.0.1:6666.
[2020.09.21-02.53.30:635][  0]SourceControl: Source control is disabled
[2020.09.21-02.53.30:635][  0]SourceControl: Source control is disabled
[2020.09.21-02.53.30:638][  0]SourceControl: Source control is disabled
[2020.09.21-02.53.30:640][  0]SourceControl: Source control is disabled
[2020.09.21-02.53.30:646][  0]SourceControl: Source control is disabled
[2020.09.21-02.53.30:656][  0]LogVSAccessor: Display: Unable to create Visual Studio setup instance: 80040154
[2020.09.21-02.53.30:658][  0]LogVSAccessor: Display: Unable to create Visual Studio setup instance: 80040154
[2020.09.21-02.53.30:857][  0]LogAndroidPermission: UAndroidPermissionCallbackProxy::GetInstance
[2020.09.21-02.53.30:875][  0]LogAudioCaptureCore: Display: No Audio Capture implementations found. Audio input will be silent.
[2020.09.21-02.53.30:875][  0]LogAudioCaptureCore: Display: No Audio Capture implementations found. Audio input will be silent.
[2020.09.21-02.53.30:919][  0]LogOcInput: OculusInput pre-init called
[2020.09.21-02.53.30:929][  0]LogWindows: Failed to load 'OVRPlugin.dll' (GetLastError=126)
[2020.09.21-02.53.30:929][  0]LogWindows: File 'OVRPlugin.dll' does not exist
[2020.09.21-02.53.30:983][  0]LogEngine: Initializing Engine...
[2020.09.21-02.53.30:984][  0]LogHMD: Failed to initialize OpenVR with code 110
[2020.09.21-02.53.30:984][  0]LogMagicLeap: Warning: VR disabled because ZI is not enabled.  To enable, in the editor, Edit -> Project Settings -> Plugins -> Magic Leap Plugin -> Enable Zero Iteration
[2020.09.21-02.53.30:984][  0]LogStats: UGameplayTagsManager::InitializeManager -  0.000 s
[2020.09.21-02.53.31:086][  0]LogInit: Initializing FReadOnlyCVARCache
[2020.09.21-02.53.31:092][  0]LogAIModule: Creating AISystem for world Untitled
[2020.09.21-02.53.31:092][  0]LogAISub: UAISubsystem::UAISubsystem EnvQueryManager (00000279320BBC00), frame # 0
[2020.09.21-02.53.31:093][  0]LogAISub: UAISubsystem::UAISubsystem AIPerceptionSystem (0000027932171580), frame # 0
[2020.09.21-02.53.31:109][  0]LogAudioMixer: Display: Audio Mixer Platform Settings:
[2020.09.21-02.53.31:109][  0]LogAudioMixer: Display: 	Sample Rate:						  48000
[2020.09.21-02.53.31:109][  0]LogAudioMixer: Display: 	Callback Buffer Frame Size Requested: 1024
[2020.09.21-02.53.31:109][  0]LogAudioMixer: Display: 	Callback Buffer Frame Size To Use:	  1024
[2020.09.21-02.53.31:109][  0]LogAudioMixer: Display: 	Number of buffers to queue:			  2
[2020.09.21-02.53.31:109][  0]LogAudioMixer: Display: 	Max Channels (voices):				  32
[2020.09.21-02.53.31:109][  0]LogAudioMixer: Display: 	Number of Async Source Workers:		  0
[2020.09.21-02.53.31:109][  0]LogAudio: Display: AudioDevice MaxSources: 32
[2020.09.21-02.53.31:109][  0]LogAudio: Display: Using built-in audio occlusion.
[2020.09.21-02.53.31:109][  0]LogAudioMixer: Display: Initializing audio mixer.
[2020.09.21-02.53.31:123][  0]LogAudioMixer: Display: 0: FrontLeft
[2020.09.21-02.53.31:123][  0]LogAudioMixer: Display: 1: FrontRight
[2020.09.21-02.53.32:025][  0]LogAudioMixer: Display: Using Audio Device Speakers (Realtek(R) Audio)
[2020.09.21-02.53.32:027][  0]LogAudioMixer: Display: Initializing Sound Submixes...
[2020.09.21-02.53.32:029][  0]LogAudioMixer: Display: Creating Master Submix 'MasterSubmixDefault'
[2020.09.21-02.53.32:029][  0]LogAudioMixer: Display: Creating Master Submix 'MasterReverbSubmixDefault'
[2020.09.21-02.53.32:030][  0]LogAudioMixer: Display: Creating Master Submix 'MasterEQSubmixDefault'
[2020.09.21-02.53.32:031][  0]LogInit: FAudioDevice initialized.
[2020.09.21-02.53.32:031][  0]LogNetVersion: Set ProjectVersion to 1.0.0.0. Version Checksum will be recalculated on next use.
[2020.09.21-02.53.32:075][  0]LogDerivedDataCache: Saved boot cache 0.04s 75MB C:/Users/joshu/AppData/Local/UnrealEngine/4.25/DerivedDataCache/Boot.ddc.
[2020.09.21-02.53.32:079][  0]LogInit: Texture streaming: Enabled
[2020.09.21-02.53.32:094][  0]LogEngineSessionManager: EngineSessionManager initialized
[2020.09.21-02.53.32:094][  0]LogEngineSessionManager: EngineSessionManager sent abnormal shutdown report. Type=AbnormalShutdown, SessionId={FA370247-458F-A96A-4889-D68FE8828163}
[2020.09.21-02.53.32:094][  0]LogEditorSessionSummary: Verbose: Initializing EditorSessionSummaryWriter for editor session tracking
[2020.09.21-02.53.32:095][  0]LogEditorSessionSummary: EditorSessionSummaryWriter initialized
[2020.09.21-02.53.32:136][  0]LogInit: Transaction tracking system initialized
[2020.09.21-02.53.32:154][  0]BlueprintLog: New page: Editor Load
[2020.09.21-02.53.32:216][  0]LocalizationService: Localization service is disabled
[2020.09.21-02.53.32:285][  0]LogVSAccessor: Display: Unable to create Visual Studio setup instance: 80040154
[2020.09.21-02.53.32:286][  0]LogVSAccessor: Display: Unable to create Visual Studio setup instance: 80040154
[2020.09.21-02.53.32:353][  0]LogCook: Display: Max memory allowance for cook 16384mb min free memory 0mb
[2020.09.21-02.53.32:353][  0]LogCook: Display: Mobile HDR setting 1
[2020.09.21-02.53.32:477][  0]LogFileCache: Scanning file cache for directory 'C:/Users/joshu/OneDrive/Documents/Unreal Projects/MyProject/Content/' took 0.01s
[2020.09.21-02.53.32:686][  0]SourceControl: Source control is disabled
[2020.09.21-02.53.32:686][  0]LogUnrealEdMisc: Loading editor; pre map load, took 6.420
[2020.09.21-02.53.32:686][  0]Cmd: MAP LOAD FILE="../../../../../../Users/joshu/OneDrive/Documents/Unreal Projects/MyProject/Content/FirstPersonBP/Maps/FirstPersonExampleMap.umap" TEMPLATE=0 SHOWPROGRESS=1 FEATURELEVEL=3
[2020.09.21-02.53.32:686][  0]LogEditorServer: Warning: Can't find file '../../../../../../Users/joshu/OneDrive/Documents/Unreal Projects/MyProject/Content/FirstPersonBP/Maps/FirstPersonExampleMap.umap'
[2020.09.21-02.53.32:686][  0]Cmd: MAP CHECKDEP NOCLEARLOG
[2020.09.21-02.53.32:687][  0]MapCheck: Map check complete: 0 Error(s), 0 Warning(s), took 0.127ms to complete.
[2020.09.21-02.53.32:687][  0]LogFileHelpers: Loading map 'FirstPersonExampleMap' took 0.000
[2020.09.21-02.53.32:688][  0]LogUnrealEdMisc: Total Editor Startup Time, took 6.422
[2020.09.21-02.53.32:802][  0]LogSlate: Updating window title bar state: overlay mode, drag disabled, window buttons hidden, title bar hidden
[2020.09.21-02.53.32:809][  0]LogSlate: Updating window title bar state: overlay mode, drag disabled, window buttons hidden, title bar hidden
[2020.09.21-02.53.32:815][  0]LogSlate: Updating window title bar state: overlay mode, drag disabled, window buttons hidden, title bar hidden
[2020.09.21-02.53.32:821][  0]LogSlate: Updating window title bar state: overlay mode, drag disabled, window buttons hidden, title bar hidden
[2020.09.21-02.53.32:827][  0]LogCollectionManager: Loaded 0 collections in 0.001580 seconds
[2020.09.21-02.53.32:838][  0]LogFileCache: Scanning file cache for directory 'C:/Users/joshu/OneDrive/Documents/Unreal Projects/MyProject/Saved/Collections/' took 0.00s
[2020.09.21-02.53.32:838][  0]LogFileCache: Scanning file cache for directory 'C:/Users/joshu/OneDrive/Documents/Unreal Projects/MyProject/Content/Developers/joshu/Collections/' took 0.00s
[2020.09.21-02.53.32:838][  0]LogFileCache: Scanning file cache for directory 'C:/Users/joshu/OneDrive/Documents/Unreal Projects/MyProject/Content/Collections/' took 0.00s
[2020.09.21-02.53.32:838][  0]LogContentBrowser: Native class hierarchy populated in 0.0076 seconds. Added 3427 classes and 821 folders.
[2020.09.21-02.53.32:840][  0]LogContentBrowser: Native class hierarchy updated for 'WidgetCarousel' in 0.0002 seconds. Added 0 classes and 0 folders.
[2020.09.21-02.53.32:885][  0]LogContentBrowser: Native class hierarchy updated for 'AddContentDialog' in 0.0002 seconds. Added 0 classes and 0 folders.
[2020.09.21-02.53.32:886][  0]LogContentBrowser: Native class hierarchy updated for 'SceneOutliner' in 0.0002 seconds. Added 2 classes and 0 folders.
[2020.09.21-02.53.32:925][  0]LogSlate: Took 0.000219 seconds to synchronously load lazily loaded font '../../../Engine/Content/Slate/Fonts/Roboto-Regular.ttf' (155K)
[2020.09.21-02.53.32:926][  0]LogSlate: Took 0.000136 seconds to synchronously load lazily loaded font '../../../Engine/Content/Slate/Fonts/Roboto-Bold.ttf' (160K)
[2020.09.21-02.53.32:929][  0]LogSlate: Took 0.000165 seconds to synchronously load lazily loaded font '../../../Engine/Content/Editor/Slate/Fonts/FontAwesome.ttf' (139K)
[2020.09.21-02.53.32:992][  0]LogRenderer: Reallocating scene render targets to support 1208x572 Format 10 NumSamples 1 (Frame:1).
[2020.09.21-02.53.33:075][  0]LogContentBrowser: Native class hierarchy updated for 'HierarchicalLODOutliner' in 0.0003 seconds. Added 0 classes and 0 folders.
[2020.09.21-02.53.33:075][  0]LogLoad: (Engine Initialization) Total time: 6.81 seconds
[2020.09.21-02.53.33:075][  0]LogLoad: (Engine Initialization) Total Blueprint compile time: 0.00 seconds
[2020.09.21-02.53.33:124][  0]LogAssetRegistry: Asset discovery search completed in 3.6209 seconds
[2020.09.21-02.53.33:129][  0]LogCollectionManager: Fixed up redirectors for 0 collections in 0.000002 seconds (updated 0 objects)
[2020.09.21-02.53.33:130][  0]LogContentStreaming: Texture pool size now 1000 MB
[2020.09.21-02.53.33:144][  0]LogSlate: Took 0.000134 seconds to synchronously load lazily loaded font '../../../Engine/Content/Slate/Fonts/Roboto-Light.ttf' (167K)
[2020.09.21-02.53.41:530][501]LogSlate: Took 0.000112 seconds to synchronously load lazily loaded font '../../../Engine/Content/Slate/Fonts/Roboto-Light.ttf' (167K)
[2020.09.21-02.53.41:790][501]LogAssetEditorSubsystem: Opening Asset editor for World /Game/FirstPersonBP/Maps/ParkourMap.ParkourMap
[2020.09.21-02.53.41:806][501]LogUObjectHash: Compacting FUObjectHashTables data took   0.71ms
[2020.09.21-02.53.41:808][501]Cmd: MAP LOAD FILE="../../../../../../Users/joshu/OneDrive/Documents/Unreal Projects/MyProject/Content/FirstPersonBP/Maps/ParkourMap.umap" TEMPLATE=0 SHOWPROGRESS=1 FEATURELEVEL=3
[2020.09.21-02.53.41:808][501]LightingResults: New page: Lighting Build
[2020.09.21-02.53.41:809][501]LogContentBrowser: Native class hierarchy updated for 'StatsViewer' in 0.0003 seconds. Added 6 classes and 0 folders.
[2020.09.21-02.53.41:809][501]LoadErrors: New page: Loading map: ParkourMap.umap
[2020.09.21-02.53.41:845][501]LogWorld: UWorld::CleanupWorld for Untitled, bSessionEnded=true, bCleanupResources=true
[2020.09.21-02.53.41:845][501]LogSlate: InvalidateAllWidgets triggered.  All widgets were invalidated
[2020.09.21-02.53.41:845][501]MapCheck: New page: Map Check
[2020.09.21-02.53.41:845][501]LightingResults: New page: Lighting Build
[2020.09.21-02.53.41:855][501]LogAISub: UAISubsystem::~UAISubsystem EnvQueryManager (00000279320BBC00), frame # 501
[2020.09.21-02.53.41:855][501]LogAISub: UAISubsystem::~UAISubsystem AIPerceptionSystem (0000027932171580), frame # 501
[2020.09.21-02.53.41:855][501]LogUObjectHash: Compacting FUObjectHashTables data took   0.56ms
[2020.09.21-02.53.41:861][501]LogEditorServer: Finished looking for orphan Actors (0.000 secs)
[2020.09.21-02.53.41:861][501]LogAIModule: Creating AISystem for world ParkourMap
[2020.09.21-02.53.41:861][501]LogAISub: UAISubsystem::UAISubsystem EnvQueryManager (000002792F09BA00), frame # 501
[2020.09.21-02.53.41:861][501]LogAISub: UAISubsystem::UAISubsystem AIPerceptionSystem (0000027958FA1F80), frame # 501
[2020.09.21-02.53.41:874][501]LogUObjectHash: Compacting FUObjectHashTables data took   0.67ms
[2020.09.21-02.53.41:891][501]Cmd: MAP CHECKDEP NOCLEARLOG
[2020.09.21-02.53.41:892][501]MapCheck: Map check complete: 0 Error(s), 0 Warning(s), took 0.122ms to complete.
[2020.09.21-02.53.41:892][501]LogFileHelpers: Loading map 'ParkourMap' took 0.083
[2020.09.21-02.55.08:720][633]LogUObjectHash: Compacting FUObjectHashTables data took   0.27ms
[2020.09.21-02.55.08:722][633]LogPlayLevel: Launcher Device ID: WindowsNoEditor@VIRGI
[2020.09.21-02.55.08:726][633]LogPlayLevel: PlayLevel: No blueprints needed recompiling
[2020.09.21-02.55.08:726][633]LogCook: Display: Creating asset registry
[2020.09.21-02.55.08:768][633]LogCook: Display: Discovering localized assets for cultures: en
[2020.09.21-02.55.08:790][633]LogCook: Display: Clearing all cooked content for platform WindowsNoEditor
[2020.09.21-02.55.08:832][633]LogCook: Display: Sandbox cleanup took 0.062 seconds for platforms WindowsNoEditor 
[2020.09.21-02.55.11:759][633]LogShaderCompilers: Display: Worker (1/9): shaders left to compile 2715
[2020.09.21-02.55.11:759][633]LogShaderCompilers: Display: Worker (2/9): shaders left to compile 2714
[2020.09.21-02.55.11:759][633]LogShaderCompilers: Display: Worker (3/9): shaders left to compile 2713
[2020.09.21-02.55.11:759][633]LogShaderCompilers: Display: Worker (4/9): shaders left to compile 2712
[2020.09.21-02.55.11:759][633]LogShaderCompilers: Display: Worker (5/9): shaders left to compile 2711
[2020.09.21-02.55.11:759][633]LogShaderCompilers: Display: Worker (6/9): shaders left to compile 2710
[2020.09.21-02.55.11:759][633]LogShaderCompilers: Display: Worker (7/9): shaders left to compile 2709
[2020.09.21-02.55.11:759][633]LogShaderCompilers: Display: Worker (8/9): shaders left to compile 2708
[2020.09.21-02.55.11:759][633]LogShaderCompilers: Display: Worker (4/9): shaders left to compile 2707
[2020.09.21-02.55.11:759][633]LogShaderCompilers: Display: Worker (2/9): shaders left to compile 2706
[2020.09.21-02.55.11:759][633]LogShaderCompilers: Display: Worker (6/9): shaders left to compile 2705
[2020.09.21-02.55.11:759][633]LogShaderCompilers: Display: Worker (1/9): shaders left to compile 2704
[2020.09.21-02.55.11:759][633]LogShaderCompilers: Display: Worker (3/9): shaders left to compile 2703
[2020.09.21-02.55.11:759][633]LogShaderCompilers: Display: Worker (5/9): shaders left to compile 2702
[2020.09.21-02.55.11:759][633]LogShaderCompilers: Display: Worker (7/9): shaders left to compile 2701
[2020.09.21-02.55.11:759][633]LogShaderCompilers: Display: Worker (8/9): shaders left to compile 2700
[2020.09.21-02.55.11:759][633]LogShaderCompilers: Display: Worker (4/9): shaders left to compile 2699
[2020.09.21-02.55.11:759][633]LogShaderCompilers: Display: Worker (2/9): shaders left to compile 2698
[2020.09.21-02.55.11:759][633]LogShaderCompilers: Display: Worker (1/9): shaders left to compile 2697
[2020.09.21-02.55.12:306][633]LogShaderCompilers: Display: Worker (3/9): shaders left to compile 2696
[2020.09.21-02.55.12:306][633]LogShaderCompilers: Display: Worker (7/9): shaders left to compile 2695
[2020.09.21-02.55.12:306][633]LogShaderCompilers: Display: Worker (8/9): shaders left to compile 2694
[2020.09.21-02.55.12:306][633]LogShaderCompilers: Display: Worker (5/9): shaders left to compile 2693
[2020.09.21-02.55.12:306][633]LogShaderCompilers: Display: Worker (6/9): shaders left to compile 2692
[2020.09.21-02.55.12:306][633]LogShaderCompilers: Display: Worker (2/9): shaders left to compile 2691
[2020.09.21-02.55.12:306][633]LogShaderCompilers: Display: Worker (4/9): shaders left to compile 2690
[2020.09.21-02.55.12:306][633]LogShaderCompilers: Display: Worker (1/9): shaders left to compile 2689
[2020.09.21-02.55.12:306][633]LogShaderCompilers: Display: Worker (3/9): shaders left to compile 2688
[2020.09.21-02.55.12:306][633]LogShaderCompilers: Display: Worker (7/9): shaders left to compile 2687
[2020.09.21-02.55.12:306][633]LogShaderCompilers: Display: Worker (8/9): shaders left to compile 2686
[2020.09.21-02.55.12:306][633]LogShaderCompilers: Display: Worker (6/9): shaders left to compile 2685
[2020.09.21-02.55.12:306][633]LogShaderCompilers: Display: Worker (5/9): shaders left to compile 2684
[2020.09.21-02.55.12:306][633]LogShaderCompilers: Display: Worker (2/9): shaders left to compile 2683
[2020.09.21-02.55.12:306][633]LogShaderCompilers: Display: Worker (4/9): shaders left to compile 2682
[2020.09.21-02.55.12:306][633]LogShaderCompilers: Display: Worker (1/9): shaders left to compile 2681
[2020.09.21-02.55.12:306][633]LogShaderCompilers: Display: Worker (3/9): shaders left to compile 2680
[2020.09.21-02.55.12:306][633]LogShaderCompilers: Display: Worker (7/9): shaders left to compile 2679
[2020.09.21-02.55.12:306][633]LogShaderCompilers: Display: Worker (8/9): shaders left to compile 2678
[2020.09.21-02.55.12:306][633]LogShaderCompilers: Display: Worker (5/9): shaders left to compile 2677
[2020.09.21-02.55.12:306][633]LogShaderCompilers: Display: Worker (4/9): shaders left to compile 2676
[2020.09.21-02.55.12:306][633]LogShaderCompilers: Display: Worker (6/9): shaders left to compile 2675
[2020.09.21-02.55.12:306][633]LogShaderCompilers: Display: Worker (1/9): shaders left to compile 2674
[2020.09.21-02.55.12:306][633]LogShaderCompilers: Display: Worker (2/9): shaders left to compile 2673
[2020.09.21-02.55.12:856][633]LogShaderCompilers: Display: Worker (3/9): shaders left to compile 2672
[2020.09.21-02.55.12:856][633]LogShaderCompilers: Display: Worker (7/9): shaders left to compile 2671
[2020.09.21-02.55.12:856][633]LogShaderCompilers: Display: Worker (4/9): shaders left to compile 2670
[2020.09.21-02.55.12:856][633]LogShaderCompilers: Display: Worker (5/9): shaders left to compile 2669
[2020.09.21-02.55.12:856][633]LogShaderCompilers: Display: Worker (1/9): shaders left to compile 2668
[2020.09.21-02.55.12:856][633]LogShaderCompilers: Display: Worker (2/9): shaders left to compile 2667
[2020.09.21-02.55.12:856][633]LogShaderCompilers: Display: Worker (6/9): shaders left to compile 2666
[2020.09.21-02.55.12:856][633]LogShaderCompilers: Display: Worker (3/9): shaders left to compile 2665
[2020.09.21-02.55.12:856][633]LogShaderCompilers: Display: Worker (7/9): shaders left to compile 2664
[2020.09.21-02.55.12:856][633]LogShaderCompilers: Display: Worker (4/9): shaders left to compile 2663
[2020.09.21-02.55.12:856][633]LogShaderCompilers: Display: Worker (5/9): shaders left to compile 2662
[2020.09.21-02.55.12:856][633]LogShaderCompilers: Display: Worker (1/9): shaders left to compile 2661
[2020.09.21-02.55.12:856][633]LogShaderCompilers: Display: Worker (2/9): shaders left to compile 2660
[2020.09.21-02.55.12:856][633]LogShaderCompilers: Display: Worker (6/9): shaders left to compile 2659
[2020.09.21-02.55.12:856][633]LogShaderCompilers: Display: Worker (3/9): shaders left to compile 2658
[2020.09.21-02.55.12:856][633]LogShaderCompilers: Display: Worker (7/9): shaders left to compile 2657
[2020.09.21-02.55.12:856][633]LogShaderCompilers: Display: Worker (4/9): shaders left to compile 2656
[2020.09.21-02.55.12:856][633]LogShaderCompilers: Display: Worker (5/9): shaders left to compile 2655
[2020.09.21-02.55.12:856][633]LogShaderCompilers: Display: Worker (1/9): shaders left to compile 2654
[2020.09.21-02.55.12:856][633]LogShaderCompilers: Display: Worker (2/9): shaders left to compile 2653
[2020.09.21-02.55.12:856][633]LogShaderCompilers: Display: Worker (6/9): shaders left to compile 2652
[2020.09.21-02.55.12:856][633]LogShaderCompilers: Display: Worker (4/9): shaders left to compile 2651
[2020.09.21-02.55.12:856][633]LogShaderCompilers: Display: Worker (3/9): shaders left to compile 2650
[2020.09.21-02.55.12:856][633]LogShaderCompilers: Display: Worker (5/9): shaders left to compile 2649
[2020.09.21-02.55.12:856][633]LogShaderCompilers: Display: Worker (8/9): shaders left to compile 2648
[2020.09.21-02.55.12:856][633]LogShaderCompilers: Display: Worker (7/9): shaders left to compile 2647
[2020.09.21-02.55.12:856][633]LogShaderCompilers: Display: Worker (2/9): shaders left to compile 2646
[2020.09.21-02.55.12:856][633]LogShaderCompilers: Display: Worker (1/9): shaders left to compile 2645
[2020.09.21-02.55.12:856][633]LogShaderCompilers: Display: Worker (6/9): shaders left to compile 2644
[2020.09.21-02.55.13:403][633]LogShaderCompilers: Display: Worker (4/9): shaders left to compile 2643
[2020.09.21-02.55.13:403][633]LogShaderCompilers: Display: Worker (3/9): shaders left to compile 2642
[2020.09.21-02.55.13:403][633]LogShaderCompilers: Display: Worker (8/9): shaders left to compile 2641
[2020.09.21-02.55.13:403][633]LogShaderCompilers: Display: Worker (5/9): shaders left to compile 2640
[2020.09.21-02.55.13:403][633]LogShaderCompilers: Display: Worker (2/9): shaders left to compile 2639
[2020.09.21-02.55.13:403][633]LogShaderCompilers: Display: Worker (7/9): shaders left to compile 2638
[2020.09.21-02.55.13:403][633]LogShaderCompilers: Display: Worker (1/9): shaders left to compile 2637
[2020.09.21-02.55.13:403][633]LogShaderCompilers: Display: Worker (6/9): shaders left to compile 2636
[2020.09.21-02.55.13:403][633]LogShaderCompilers: Display: Worker (4/9): shaders left to compile 2635
[2020.09.21-02.55.13:403][633]LogShaderCompilers: Display: Worker (2/9): shaders left to compile 2634
[2020.09.21-02.55.13:403][633]LogShaderCompilers: Display: Worker (7/9): shaders left to compile 2633
[2020.09.21-02.55.13:403][633]LogShaderCompilers: Display: Worker (1/9): shaders left to compile 2632
[2020.09.21-02.55.13:403][633]LogShaderCompilers: Display: Worker (3/9): shaders left to compile 2631
[2020.09.21-02.55.13:403][633]LogShaderCompilers: Display: Worker (6/9): shaders left to compile 2630
[2020.09.21-02.55.13:403][633]LogShaderCompilers: Display: Worker (4/9): shaders left to compile 2629
[2020.09.21-02.55.13:403][633]LogShaderCompilers: Display: Worker (5/9): shaders left to compile 2628
[2020.09.21-02.55.13:403][633]LogShaderCompilers: Display: Worker (8/9): shaders left to compile 2627
[2020.09.21-02.55.13:403][633]LogShaderCompilers: Display: Worker (2/9): shaders left to compile 2626
[2020.09.21-02.55.13:403][633]LogShaderCompilers: Display: Worker (7/9): shaders left to compile 2625
[2020.09.21-02.55.13:403][633]LogShaderCompilers: Display: Worker (3/9): shaders left to compile 2624
[2020.09.21-02.55.13:403][633]LogShaderCompilers: Display: Worker (6/9): shaders left to compile 2623
[2020.09.21-02.55.13:403][633]LogShaderCompilers: Display: Worker (4/9): shaders left to compile 2622
[2020.09.21-02.55.13:403][633]LogShaderCompilers: Display: Worker (5/9): shaders left to compile 2621
[2020.09.21-02.55.13:403][633]LogShaderCompilers: Display: Worker (2/9): shaders left to compile 2620
[2020.09.21-02.55.13:403][633]LogShaderCompilers: Display: Worker (8/9): shaders left to compile 2619
[2020.09.21-02.55.13:403][633]LogShaderCompilers: Display: Worker (5/9): shaders left to compile 2618
[2020.09.21-02.55.13:403][633]LogShaderCompilers: Display: Worker (2/9): shaders left to compile 2617
[2020.09.21-02.55.13:403][633]LogShaderCompilers: Display: Worker (4/9): shaders left to compile 2616
[2020.09.21-02.55.13:403][633]LogShaderCompilers: Display: Worker (8/9): shaders left to compile 2615
[2020.09.21-02.55.13:403][633]LogShaderCompilers: Display: Worker (1/9): shaders left to compile 2614
[2020.09.21-02.55.13:954][633]LogShaderCompilers: Display: Worker (6/9): shaders left to compile 2613
[2020.09.21-02.55.13:954][633]LogShaderCompilers: Display: Worker (8/9): shaders left to compile 2612
[2020.09.21-02.55.13:954][633]LogShaderCompilers: Display: Worker (1/9): shaders left to compile 2611
[2020.09.21-02.55.13:954][633]LogShaderCompilers: Display: Worker (6/9): shaders left to compile 2610
[2020.09.21-02.55.13:954][633]LogShaderCompilers: Display: Worker (3/9): shaders left to compile 2609
[2020.09.21-02.55.13:954][633]LogShaderCompilers: Display: Worker (8/9): shaders left to compile 2608
[2020.09.21-02.55.13:954][633]LogShaderCompilers: Display: Worker (1/9): shaders left to compile 2607
[2020.09.21-02.55.13:954][633]LogShaderCompilers: Display: Worker (6/9): shaders left to compile 2606
[2020.09.21-02.55.13:954][633]LogShaderCompilers: Display: Worker (3/9): shaders left to compile 2605
[2020.09.21-02.55.13:954][633]LogShaderCompilers: Display: Worker (7/9): shaders left to compile 2604
[2020.09.21-02.55.13:954][633]LogShaderCompilers: Display: Worker (8/9): shaders left to compile 2603
[2020.09.21-02.55.13:954][633]LogShaderCompilers: Display: Worker (6/9): shaders left to compile 2602
[2020.09.21-02.55.13:954][633]LogShaderCompilers: Display: Worker (1/9): shaders left to compile 2601
[2020.09.21-02.55.13:954][633]LogShaderCompilers: Display: Worker (3/9): shaders left to compile 2600
[2020.09.21-02.55.13:954][633]LogShaderCompilers: Display: Worker (7/9): shaders left to compile 2599
[2020.09.21-02.55.13:954][633]LogShaderCompilers: Display: Worker (8/9): shaders left to compile 2598
[2020.09.21-02.55.14:502][633]LogShaderCompilers: Display: Worker (6/9): shaders left to compile 2597
[2020.09.21-02.55.14:502][633]LogShaderCompilers: Display: Worker (7/9): shaders left to compile 2596
[2020.09.21-02.55.14:502][633]LogShaderCompilers: Display: Worker (1/9): shaders left to compile 2595
[2020.09.21-02.55.14:502][633]LogShaderCompilers: Display: Worker (8/9): shaders left to compile 2594
[2020.09.21-02.55.14:502][633]LogShaderCompilers: Display: Worker (1/9): shaders left to compile 2593
[2020.09.21-02.55.14:502][633]LogShaderCompilers: Display: Worker (6/9): shaders left to compile 2592
[2020.09.21-02.55.14:502][633]LogShaderCompilers: Display: Worker (7/9): shaders left to compile 2591
[2020.09.21-02.55.14:502][633]LogShaderCompilers: Display: Worker (3/9): shaders left to compile 2590
[2020.09.21-02.55.14:502][633]LogShaderCompilers: Display: Worker (1/9): shaders left to compile 2589
[2020.09.21-02.55.14:502][633]LogShaderCompilers: Display: Worker (8/9): shaders left to compile 2588
[2020.09.21-02.55.14:502][633]LogShaderCompilers: Display: Worker (7/9): shaders left to compile 2587
[2020.09.21-02.55.14:502][633]LogShaderCompilers: Display: Worker (6/9): shaders left to compile 2586
[2020.09.21-02.55.14:502][633]LogShaderCompilers: Display: Worker (3/9): shaders left to compile 2585
[2020.09.21-02.55.14:502][633]LogShaderCompilers: Display: Worker (4/9): shaders left to compile 2584
[2020.09.21-02.55.14:502][633]LogShaderCompilers: Display: Worker (1/9): shaders left to compile 2583
[2020.09.21-02.55.14:502][633]LogShaderCompilers: Display: Worker (7/9): shaders left to compile 2582
[2020.09.21-02.55.14:502][633]LogShaderCompilers: Display: Worker (6/9): shaders left to compile 2581
[2020.09.21-02.55.14:502][633]LogShaderCompilers: Display: Worker (8/9): shaders left to compile 2580
[2020.09.21-02.55.15:053][633]LogShaderCompilers: Display: Worker (3/9): shaders left to compile 2579
[2020.09.21-02.55.15:053][633]LogShaderCompilers: Display: Worker (7/9): shaders left to compile 2578
[2020.09.21-02.55.15:053][633]LogShaderCompilers: Display: Worker (1/9): shaders left to compile 2577
[2020.09.21-02.55.15:053][633]LogShaderCompilers: Display: Worker (8/9): shaders left to compile 2576
[2020.09.21-02.55.15:053][633]LogShaderCompilers: Display: Worker (4/9): shaders left to compile 2575
[2020.09.21-02.55.15:053][633]LogShaderCompilers: Display: Worker (6/9): shaders left to compile 2574
[2020.09.21-02.55.15:053][633]LogShaderCompilers: Display: Worker (7/9): shaders left to compile 2573
[2020.09.21-02.55.15:053][633]LogShaderCompilers: Display: Worker (3/9): shaders left to compile 2572
[2020.09.21-02.55.15:053][633]LogShaderCompilers: Display: Worker (1/9): shaders left to compile 2571
[2020.09.21-02.55.15:053][633]LogShaderCompilers: Display: Worker (4/9): shaders left to compile 2570
[2020.09.21-02.55.15:053][633]LogShaderCompilers: Display: Worker (6/9): shaders left to compile 2569
[2020.09.21-02.55.15:053][633]LogShaderCompilers: Display: Worker (8/9): shaders left to compile 2568
[2020.09.21-02.55.15:053][633]LogShaderCompilers: Display: Worker (7/9): shaders left to compile 2567
[2020.09.21-02.55.15:053][633]LogShaderCompilers: Display: Worker (3/9): shaders left to compile 2566
[2020.09.21-02.55.15:053][633]LogShaderCompilers: Display: Worker (2/9): shaders left to compile 2565
[2020.09.21-02.55.15:053][633]LogShaderCompilers: Display: Worker (1/9): shaders left to compile 2564
[2020.09.21-02.55.15:053][633]LogShaderCompilers: Display: Worker (4/9): shaders left to compile 2563
[2020.09.21-02.55.15:053][633]LogShaderCompilers: Display: Worker (6/9): shaders left to compile 2562
[2020.09.21-02.55.15:053][633]LogShaderCompilers: Display: Worker (8/9): shaders left to compile 2561
[2020.09.21-02.55.15:053][633]LogShaderCompilers: Display: Worker (7/9): shaders left to compile 2560
[2020.09.21-02.55.15:053][633]LogShaderCompilers: Display: Worker (3/9): shaders left to compile 2559
[2020.09.21-02.55.15:053][633]LogShaderCompilers: Display: Worker (2/9): shaders left to compile 2558
[2020.09.21-02.55.15:053][633]LogShaderCompilers: Display: Worker (1/9): shaders left to compile 2557
[2020.09.21-02.55.15:053][633]LogShaderCompilers: Display: Worker (4/9): shaders left to compile 2556
[2020.09.21-02.55.15:053][633]LogShaderCompilers: Display: Worker (6/9): shaders left to compile 2555
[2020.09.21-02.55.15:602][633]LogShaderCompilers: Display: Worker (8/9): shaders left to compile 2554
[2020.09.21-02.55.15:602][633]LogShaderCompilers: Display: Worker (7/9): shaders left to compile 2553
[2020.09.21-02.55.15:602][633]LogShaderCompilers: Display: Worker (3/9): shaders left to compile 2552
[2020.09.21-02.55.15:602][633]LogShaderCompilers: Display: Worker (2/9): shaders left to compile 2551
[2020.09.21-02.55.15:602][633]LogShaderCompilers: Display: Worker (8/9): shaders left to compile 2550
[2020.09.21-02.55.15:602][633]LogShaderCompilers: Display: Worker (7/9): shaders left to compile 2549
[2020.09.21-02.55.16:156][633]LogShaderCompilers: Display: Worker (6/9): shaders left to compile 2548
[2020.09.21-02.55.16:156][633]LogShaderCompilers: Display: Worker (2/9): shaders left to compile 2547
[2020.09.21-02.55.16:156][633]LogShaderCompilers: Display: Worker (3/9): shaders left to compile 2546
[2020.09.21-02.55.16:705][633]LogShaderCompilers: Display: Worker (4/9): shaders left to compile 2545
[2020.09.21-02.55.16:705][633]LogShaderCompilers: Display: Worker (8/9): shaders left to compile 2544
[2020.09.21-02.55.16:705][633]LogShaderCompilers: Display: Worker (7/9): shaders left to compile 2543
[2020.09.21-02.55.16:705][633]LogShaderCompilers: Display: Worker (1/9): shaders left to compile 2542
[2020.09.21-02.55.17:254][633]LogShaderCompilers: Display: Worker (6/9): shaders left to compile 2541
[2020.09.21-02.55.17:254][633]LogShaderCompilers: Display: Worker (2/9): shaders left to compile 2540
[2020.09.21-02.55.17:254][633]LogShaderCompilers: Display: Worker (3/9): shaders left to compile 2539
[2020.09.21-02.55.17:804][633]LogShaderCompilers: Display: Worker (4/9): shaders left to compile 2538
[2020.09.21-02.55.17:804][633]LogShaderCompilers: Display: Worker (8/9): shaders left to compile 2537
[2020.09.21-02.55.17:804][633]LogShaderCompilers: Display: Worker (7/9): shaders left to compile 2536
[2020.09.21-02.55.17:804][633]LogShaderCompilers: Display: Worker (1/9): shaders left to compile 2535
[2020.09.21-02.55.17:804][633]LogShaderCompilers: Display: Worker (6/9): shaders left to compile 2534
[2020.09.21-02.55.18:354][633]LogShaderCompilers: Display: Worker (2/9): shaders left to compile 2533
[2020.09.21-02.55.18:354][633]LogShaderCompilers: Display: Worker (3/9): shaders left to compile 2532
[2020.09.21-02.55.18:354][633]LogShaderCompilers: Display: Worker (4/9): shaders left to compile 2531
[2020.09.21-02.55.18:903][633]LogShaderCompilers: Display: Worker (8/9): shaders left to compile 2530
[2020.09.21-02.55.18:903][633]LogShaderCompilers: Display: Worker (7/9): shaders left to compile 2529
[2020.09.21-02.55.19:453][633]LogShaderCompilers: Display: Worker (1/9): shaders left to compile 2528
[2020.09.21-02.55.20:001][633]LogShaderCompilers: Display: Worker (6/9): shaders left to compile 2527
[2020.09.21-02.55.20:553][633]LogShaderCompilers: Display: Worker (2/9): shaders left to compile 2526
[2020.09.21-02.55.21:654][633]LogShaderCompilers: Display: Worker (3/9): shaders left to compile 2525
[2020.09.21-02.55.22:195][633]LogShaderCompilers: Display: Worker (4/9): shaders left to compile 2524
[2020.09.21-02.55.22:738][633]LogShaderCompilers: Display: Worker (8/9): shaders left to compile 2523
[2020.09.21-02.55.23:815][633]LogShaderCompilers: Display: Worker (7/9): shaders left to compile 2522
[2020.09.21-02.55.24:890][633]LogShaderCompilers: Display: Worker (5/9): shaders left to compile 2521
[2020.09.21-02.55.24:890][633]LogShaderCompilers: Display: Worker (1/9): shaders left to compile 2520
[2020.09.21-02.55.25:968][633]LogShaderCompilers: Display: Worker (6/9): shaders left to compile 2519
[2020.09.21-02.55.26:505][633]LogShaderCompilers: Display: Worker (1/9): shaders left to compile 2518
[2020.09.21-02.55.28:146][633]LogShaderCompilers: Display: Worker (2/9): shaders left to compile 2517
[2020.09.21-02.55.28:683][633]LogShaderCompilers: Display: Worker (6/9): shaders left to compile 2516
[2020.09.21-02.55.28:683][633]LogShaderCompilers: Display: Worker (1/9): shaders left to compile 2515
[2020.09.21-02.55.30:307][633]LogShaderCompilers: Display: Worker (3/9): shaders left to compile 2514
[2020.09.21-02.55.30:307][633]LogShaderCompilers: Display: Worker (2/9): shaders left to compile 2513
[2020.09.21-02.55.30:844][633]LogShaderCompilers: Display: Worker (6/9): shaders left to compile 2512
[2020.09.21-02.55.30:844][633]LogShaderCompilers: Display: Worker (1/9): shaders left to compile 2511
[2020.09.21-02.55.31:390][633]LogShaderCompilers: Display: Worker (4/9): shaders left to compile 2510
[2020.09.21-02.55.31:927][633]LogShaderCompilers: Display: Worker (3/9): shaders left to compile 2509
[2020.09.21-02.55.31:927][633]LogShaderCompilers: Display: Worker (2/9): shaders left to compile 2508
[2020.09.21-02.55.32:467][633]LogShaderCompilers: Display: Worker (6/9): shaders left to compile 2507
[2020.09.21-02.55.32:467][633]LogShaderCompilers: Display: Worker (1/9): shaders left to compile 2506
[2020.09.21-02.55.33:010][633]LogShaderCompilers: Display: Worker (4/9): shaders left to compile 2505
[2020.09.21-02.55.33:010][633]LogShaderCompilers: Display: Worker (8/9): shaders left to compile 2504
[2020.09.21-02.55.33:549][633]LogShaderCompilers: Display: Worker (3/9): shaders left to compile 2503
[2020.09.21-02.55.33:549][633]LogShaderCompilers: Display: Worker (2/9): shaders left to compile 2502
[2020.09.21-02.55.34:086][633]LogShaderCompilers: Display: Worker (6/9): shaders left to compile 2501
[2020.09.21-02.55.34:086][633]LogShaderCompilers: Display: Worker (1/9): shaders left to compile 2500
[2020.09.21-02.55.34:634][633]LogShaderCompilers: Display: Worker (4/9): shaders left to compile 2499
[2020.09.21-02.55.35:174][633]LogShaderCompilers: Display: Worker (7/9): shaders left to compile 2498
[2020.09.21-02.55.35:174][633]LogShaderCompilers: Display: Worker (8/9): shaders left to compile 2497
[2020.09.21-02.55.36:801][633]LogShaderCompilers: Display: Worker (3/9): shaders left to compile 2496
[2020.09.21-02.55.36:801][633]LogShaderCompilers: Display: Worker (5/9): shaders left to compile 2495
[2020.09.21-02.55.37:873][633]LogShaderCompilers: Display: Worker (2/9): shaders left to compile 2494
[2020.09.21-02.55.39:501][633]LogShaderCompilers: Display: Worker (6/9): shaders left to compile 2493
[2020.09.21-02.55.40:574][633]LogShaderCompilers: Display: Worker (1/9): shaders left to compile 2492
[2020.09.21-02.55.42:724][633]LogShaderCompilers: Display: Worker (4/9): shaders left to compile 2491
[2020.09.21-02.55.43:800][633]LogShaderCompilers: Display: Worker (7/9): shaders left to compile 2490
[2020.09.21-02.55.45:963][633]LogShaderCompilers: Display: Worker (8/9): shaders left to compile 2489
[2020.09.21-02.55.47:581][633]LogShaderCompilers: Display: Worker (3/9): shaders left to compile 2488
[2020.09.21-02.55.48:121][633]LogShaderCompilers: Display: Worker (3/9): shaders left to compile 2487
[2020.09.21-02.55.49:202][633]LogShaderCompilers: Display: Worker (5/9): shaders left to compile 2486
[2020.09.21-02.55.49:202][633]LogShaderCompilers: Display: Worker (3/9): shaders left to compile 2485
[2020.09.21-02.55.49:737][633]LogShaderCompilers: Display: Worker (5/9): shaders left to compile 2484
[2020.09.21-02.55.49:737][633]LogShaderCompilers: Display: Worker (3/9): shaders left to compile 2483
[2020.09.21-02.55.50:275][633]LogShaderCompilers: Display: Worker (5/9): shaders left to compile 2482
[2020.09.21-02.55.50:275][633]LogShaderCompilers: Display: Worker (3/9): shaders left to compile 2481
[2020.09.21-02.55.50:816][633]LogShaderCompilers: Display: Worker (5/9): shaders left to compile 2480
[2020.09.21-02.55.51:359][633]LogShaderCompilers: Display: Worker (2/9): shaders left to compile 2479
[2020.09.21-02.55.51:359][633]LogShaderCompilers: Display: Worker (3/9): shaders left to compile 2478
[2020.09.21-02.55.51:359][633]LogShaderCompilers: Display: Worker (5/9): shaders left to compile 2477
[2020.09.21-02.55.51:359][633]LogShaderCompilers: Display: Worker (3/9): shaders left to compile 2476
[2020.09.21-02.55.51:359][633]LogShaderCompilers: Display: Worker (2/9): shaders left to compile 2475
[2020.09.21-02.55.51:359][633]LogShaderCompilers: Display: Worker (5/9): shaders left to compile 2474
[2020.09.21-02.55.51:359][633]LogShaderCompilers: Display: Worker (3/9): shaders left to compile 2473
[2020.09.21-02.55.51:359][633]LogShaderCompilers: Display: Worker (5/9): shaders left to compile 2472
[2020.09.21-02.55.51:359][633]LogShaderCompilers: Display: Worker (2/9): shaders left to compile 2471
[2020.09.21-02.55.51:900][633]LogShaderCompilers: Display: Worker (3/9): shaders left to compile 2470
[2020.09.21-02.55.51:900][633]LogShaderCompilers: Display: Worker (2/9): shaders left to compile 2469
[2020.09.21-02.55.51:900][633]LogShaderCompilers: Display: Worker (5/9): shaders left to compile 2468
[2020.09.21-02.55.51:900][633]LogShaderCompilers: Display: Worker (3/9): shaders left to compile 2467
[2020.09.21-02.55.51:900][633]LogShaderCompilers: Display: Worker (2/9): shaders left to compile 2466
[2020.09.21-02.55.51:900][633]LogShaderCompilers: Display: Worker (5/9): shaders left to compile 2465
[2020.09.21-02.55.52:439][633]LogShaderCompilers: Display: Worker (5/9): shaders left to compile 2464
[2020.09.21-02.55.52:439][633]LogShaderCompilers: Display: Worker (5/9): shaders left to compile 2463
[2020.09.21-02.55.52:439][633]LogShaderCompilers: Display: Worker (5/9): shaders left to compile 2462
[2020.09.21-02.55.52:977][633]LogShaderCompilers: Display: Worker (6/9): shaders left to compile 2461
[2020.09.21-02.55.53:521][633]LogShaderCompilers: Display: Worker (5/9): shaders left to compile 2460
